This file contains any messages produced by compilers while
running configure, to aid debugging if configure makes a mistake.

It was created by istgt configure 0.5, which was
generated by GNU Autoconf 2.69.  Invocation command line was

  $ ./configure 

## --------- ##
## Platform. ##
## --------- ##

hostname = dev
uname -m = x86_64
uname -r = 4.13.0-36-generic
uname -s = Linux
uname -v = #40~16.04.1-Ubuntu SMP Fri Feb 16 23:25:58 UTC 2018

/usr/bin/uname -p = unknown
/bin/uname -X     = unknown

/bin/arch              = unknown
/usr/bin/arch -k       = unknown
/usr/convex/getsysinfo = unknown
/usr/bin/hostinfo      = unknown
/bin/machine           = unknown
/usr/bin/oslevel       = unknown
/bin/universe          = unknown

PATH: /home/payes/bin
PATH: /home/payes/.local/bin
PATH: /usr/local/sbin
PATH: /usr/local/bin
PATH: /usr/sbin
PATH: /usr/bin
PATH: /sbin
PATH: /bin
PATH: /usr/games
PATH: /usr/local/games
PATH: /snap/bin
PATH: /usr/local/go/bin
PATH: /home/payes/gocode/bin
PATH: /home/payes/.fzf/bin


## ----------- ##
## Core tests. ##
## ----------- ##

configure:2438: checking for clang
configure:2454: found /usr/bin/clang
configure:2465: result: clang
configure:2496: checking for C compiler version
configure:2505: clang --version >&5
clang version 3.8.0-2ubuntu4 (tags/RELEASE_380/final)
Target: x86_64-pc-linux-gnu
Thread model: posix
InstalledDir: /usr/bin
configure:2516: $? = 0
configure:2505: clang -v >&5
clang version 3.8.0-2ubuntu4 (tags/RELEASE_380/final)
Target: x86_64-pc-linux-gnu
Thread model: posix
InstalledDir: /usr/bin
Found candidate GCC installation: /usr/bin/../lib/gcc/i686-linux-gnu/6.0.0
Found candidate GCC installation: /usr/bin/../lib/gcc/x86_64-linux-gnu/5.4.0
Found candidate GCC installation: /usr/bin/../lib/gcc/x86_64-linux-gnu/6.0.0
Found candidate GCC installation: /usr/lib/gcc/i686-linux-gnu/6.0.0
Found candidate GCC installation: /usr/lib/gcc/x86_64-linux-gnu/5.4.0
Found candidate GCC installation: /usr/lib/gcc/x86_64-linux-gnu/6.0.0
... rest of stderr output deleted ...
configure:2516: $? = 0
configure:2505: clang -V >&5
clang: error: argument to '-V' is missing (expected 1 value)
clang: error: no input files
configure:2516: $? = 1
configure:2505: clang -qversion >&5
clang: error: unknown argument: '-qversion'
clang: error: no input files
configure:2516: $? = 1
configure:2536: checking whether the C compiler works
configure:2558: clang    conftest.c  >&5
configure:2562: $? = 0
configure:2610: result: yes
configure:2613: checking for C compiler default output file name
configure:2615: result: a.out
configure:2621: checking for suffix of executables
configure:2628: clang -o conftest    conftest.c  >&5
configure:2632: $? = 0
configure:2654: result: 
configure:2676: checking whether we are cross compiling
configure:2684: clang -o conftest    conftest.c  >&5
configure:2688: $? = 0
configure:2695: ./conftest
configure:2699: $? = 0
configure:2714: result: no
configure:2719: checking for suffix of object files
configure:2741: clang -c   conftest.c >&5
configure:2745: $? = 0
configure:2766: result: o
configure:2770: checking whether we are using the GNU C compiler
configure:2789: clang -c   conftest.c >&5
configure:2789: $? = 0
configure:2798: result: yes
configure:2807: checking whether clang accepts -g
configure:2827: clang -c -g  conftest.c >&5
configure:2827: $? = 0
configure:2868: result: yes
configure:2885: checking for clang option to accept ISO C89
configure:2948: clang  -c -g -O2  conftest.c >&5
configure:2948: $? = 0
configure:2961: result: none needed
configure:3024: checking for a BSD-compatible install
configure:3092: result: /usr/bin/install -c
configure:3146: checking for ranlib
configure:3162: found /usr/bin/ranlib
configure:3173: result: ranlib
configure:3195: checking for a sed that does not truncate output
configure:3259: result: /bin/sed
configure:3264: checking for a thread-safe mkdir -p
configure:3303: result: /bin/mkdir -p
configure:3323: checking build system type
configure:3337: result: x86_64-unknown-linux-gnu
configure:3357: checking host system type
configure:3370: result: x86_64-unknown-linux-gnu
configure:3438: checking for pthread_create in -lpthread
configure:3463: clang -o conftest -g -O3   conftest.c -lpthread  -lkqueue   >&5
configure:3463: $? = 0
configure:3472: result: yes
configure:3483: checking for MD5_Update in -lcrypto
configure:3508: clang -o conftest -g -O3   conftest.c -lcrypto  -lpthread -lkqueue   >&5
configure:3508: $? = 0
configure:3517: result: yes
configure:3534: checking how to run the C preprocessor
configure:3565: clang -E  conftest.c
configure:3565: $? = 0
configure:3579: clang -E  conftest.c
conftest.c:12:10: fatal error: 'ac_nonexistent.h' file not found
#include <ac_nonexistent.h>
         ^
1 error generated.
configure:3579: $? = 1
configure: failed program was:
| /* confdefs.h */
| #define PACKAGE_NAME "istgt"
| #define PACKAGE_TARNAME "istgt"
| #define PACKAGE_VERSION "0.5"
| #define PACKAGE_STRING "istgt 0.5"
| #define PACKAGE_BUGREPORT ""
| #define PACKAGE_URL ""
| #define _GNU_SOURCE 1
| #define HAVE_LIBPTHREAD 1
| #define HAVE_LIBCRYPTO 1
| /* end confdefs.h.  */
| #include <ac_nonexistent.h>
configure:3604: result: clang -E
configure:3624: clang -E  conftest.c
configure:3624: $? = 0
configure:3638: clang -E  conftest.c
conftest.c:12:10: fatal error: 'ac_nonexistent.h' file not found
#include <ac_nonexistent.h>
         ^
1 error generated.
configure:3638: $? = 1
configure: failed program was:
| /* confdefs.h */
| #define PACKAGE_NAME "istgt"
| #define PACKAGE_TARNAME "istgt"
| #define PACKAGE_VERSION "0.5"
| #define PACKAGE_STRING "istgt 0.5"
| #define PACKAGE_BUGREPORT ""
| #define PACKAGE_URL ""
| #define _GNU_SOURCE 1
| #define HAVE_LIBPTHREAD 1
| #define HAVE_LIBCRYPTO 1
| /* end confdefs.h.  */
| #include <ac_nonexistent.h>
configure:3667: checking for grep that handles long lines and -e
configure:3725: result: /bin/grep
configure:3730: checking for egrep
configure:3792: result: /bin/grep -E
configure:3797: checking for ANSI C header files
configure:3817: clang -c -g -O3  conftest.c >&5
configure:3817: $? = 0
configure:3890: clang -o conftest -g -O3   conftest.c -lcrypto -lpthread -lkqueue   >&5
configure:3890: $? = 0
configure:3890: ./conftest
configure:3890: $? = 0
configure:3901: result: yes
configure:3914: checking for sys/types.h
configure:3914: clang -c -g -O3  conftest.c >&5
configure:3914: $? = 0
configure:3914: result: yes
configure:3914: checking for sys/stat.h
configure:3914: clang -c -g -O3  conftest.c >&5
configure:3914: $? = 0
configure:3914: result: yes
configure:3914: checking for stdlib.h
configure:3914: clang -c -g -O3  conftest.c >&5
configure:3914: $? = 0
configure:3914: result: yes
configure:3914: checking for string.h
configure:3914: clang -c -g -O3  conftest.c >&5
configure:3914: $? = 0
configure:3914: result: yes
configure:3914: checking for memory.h
configure:3914: clang -c -g -O3  conftest.c >&5
configure:3914: $? = 0
configure:3914: result: yes
configure:3914: checking for strings.h
configure:3914: clang -c -g -O3  conftest.c >&5
configure:3914: $? = 0
configure:3914: result: yes
configure:3914: checking for inttypes.h
configure:3914: clang -c -g -O3  conftest.c >&5
configure:3914: $? = 0
configure:3914: result: yes
configure:3914: checking for stdint.h
configure:3914: clang -c -g -O3  conftest.c >&5
configure:3914: $? = 0
configure:3914: result: yes
configure:3914: checking for unistd.h
configure:3914: clang -c -g -O3  conftest.c >&5
configure:3914: $? = 0
configure:3914: result: yes
configure:3929: checking arpa/inet.h usability
configure:3929: clang -c -g -O3  conftest.c >&5
configure:3929: $? = 0
configure:3929: result: yes
configure:3929: checking arpa/inet.h presence
configure:3929: clang -E  conftest.c
configure:3929: $? = 0
configure:3929: result: yes
configure:3929: checking for arpa/inet.h
configure:3929: result: yes
configure:3929: checking fcntl.h usability
configure:3929: clang -c -g -O3  conftest.c >&5
configure:3929: $? = 0
configure:3929: result: yes
configure:3929: checking fcntl.h presence
configure:3929: clang -E  conftest.c
configure:3929: $? = 0
configure:3929: result: yes
configure:3929: checking for fcntl.h
configure:3929: result: yes
configure:3929: checking for inttypes.h
configure:3929: result: yes
configure:3929: checking limits.h usability
configure:3929: clang -c -g -O3  conftest.c >&5
configure:3929: $? = 0
configure:3929: result: yes
configure:3929: checking limits.h presence
configure:3929: clang -E  conftest.c
configure:3929: $? = 0
configure:3929: result: yes
configure:3929: checking for limits.h
configure:3929: result: yes
configure:3929: checking netdb.h usability
configure:3929: clang -c -g -O3  conftest.c >&5
configure:3929: $? = 0
configure:3929: result: yes
configure:3929: checking netdb.h presence
configure:3929: clang -E  conftest.c
configure:3929: $? = 0
configure:3929: result: yes
configure:3929: checking for netdb.h
configure:3929: result: yes
configure:3929: checking netinet/in.h usability
configure:3929: clang -c -g -O3  conftest.c >&5
configure:3929: $? = 0
configure:3929: result: yes
configure:3929: checking netinet/in.h presence
configure:3929: clang -E  conftest.c
configure:3929: $? = 0
configure:3929: result: yes
configure:3929: checking for netinet/in.h
configure:3929: result: yes
configure:3929: checking stddef.h usability
configure:3929: clang -c -g -O3  conftest.c >&5
configure:3929: $? = 0
configure:3929: result: yes
configure:3929: checking stddef.h presence
configure:3929: clang -E  conftest.c
configure:3929: $? = 0
configure:3929: result: yes
configure:3929: checking for stddef.h
configure:3929: result: yes
configure:3929: checking for stdint.h
configure:3929: result: yes
configure:3929: checking for stdlib.h
configure:3929: result: yes
configure:3929: checking for string.h
configure:3929: result: yes
configure:3929: checking sys/ioctl.h usability
configure:3929: clang -c -g -O3  conftest.c >&5
configure:3929: $? = 0
configure:3929: result: yes
configure:3929: checking sys/ioctl.h presence
configure:3929: clang -E  conftest.c
configure:3929: $? = 0
configure:3929: result: yes
configure:3929: checking for sys/ioctl.h
configure:3929: result: yes
configure:3929: checking sys/param.h usability
configure:3929: clang -c -g -O3  conftest.c >&5
configure:3929: $? = 0
configure:3929: result: yes
configure:3929: checking sys/param.h presence
configure:3929: clang -E  conftest.c
configure:3929: $? = 0
configure:3929: result: yes
configure:3929: checking for sys/param.h
configure:3929: result: yes
configure:3929: checking sys/socket.h usability
configure:3929: clang -c -g -O3  conftest.c >&5
configure:3929: $? = 0
configure:3929: result: yes
configure:3929: checking sys/socket.h presence
configure:3929: clang -E  conftest.c
configure:3929: $? = 0
configure:3929: result: yes
configure:3929: checking for sys/socket.h
configure:3929: result: yes
configure:3929: checking sys/time.h usability
configure:3929: clang -c -g -O3  conftest.c >&5
configure:3929: $? = 0
configure:3929: result: yes
configure:3929: checking sys/time.h presence
configure:3929: clang -E  conftest.c
configure:3929: $? = 0
configure:3929: result: yes
configure:3929: checking for sys/time.h
configure:3929: result: yes
configure:3929: checking syslog.h usability
configure:3929: clang -c -g -O3  conftest.c >&5
configure:3929: $? = 0
configure:3929: result: yes
configure:3929: checking syslog.h presence
configure:3929: clang -E  conftest.c
configure:3929: $? = 0
configure:3929: result: yes
configure:3929: checking for syslog.h
configure:3929: result: yes
configure:3929: checking for unistd.h
configure:3929: result: yes
configure:3941: checking for inline
configure:3957: clang -c -g -O3  conftest.c >&5
configure:3957: $? = 0
configure:3965: result: inline
configure:3983: checking for int32_t
configure:3983: clang -c -g -O3  conftest.c >&5
configure:3983: $? = 0
configure:3983: clang -c -g -O3  conftest.c >&5
conftest.c:75:24: error: 'test_array' declared as an array with a negative size
static int test_array [1 - 2 * !((int32_t) (((((int32_t) 1 << N) << N) - 1) * 2 + 1)
                       ^~~~~~~~~~~~~~~~~~~~~~~~~~~~~~~~~~~~~~~~~~~~~~~~~~~~~~~~~~~~~
1 error generated.
configure:3983: $? = 1
configure: failed program was:
| /* confdefs.h */
| #define PACKAGE_NAME "istgt"
| #define PACKAGE_TARNAME "istgt"
| #define PACKAGE_VERSION "0.5"
| #define PACKAGE_STRING "istgt 0.5"
| #define PACKAGE_BUGREPORT ""
| #define PACKAGE_URL ""
| #define _GNU_SOURCE 1
| #define HAVE_LIBPTHREAD 1
| #define HAVE_LIBCRYPTO 1
| #define STDC_HEADERS 1
| #define HAVE_SYS_TYPES_H 1
| #define HAVE_SYS_STAT_H 1
| #define HAVE_STDLIB_H 1
| #define HAVE_STRING_H 1
| #define HAVE_MEMORY_H 1
| #define HAVE_STRINGS_H 1
| #define HAVE_INTTYPES_H 1
| #define HAVE_STDINT_H 1
| #define HAVE_UNISTD_H 1
| #define HAVE_ARPA_INET_H 1
| #define HAVE_FCNTL_H 1
| #define HAVE_INTTYPES_H 1
| #define HAVE_LIMITS_H 1
| #define HAVE_NETDB_H 1
| #define HAVE_NETINET_IN_H 1
| #define HAVE_STDDEF_H 1
| #define HAVE_STDINT_H 1
| #define HAVE_STDLIB_H 1
| #define HAVE_STRING_H 1
| #define HAVE_SYS_IOCTL_H 1
| #define HAVE_SYS_PARAM_H 1
| #define HAVE_SYS_SOCKET_H 1
| #define HAVE_SYS_TIME_H 1
| #define HAVE_SYSLOG_H 1
| #define HAVE_UNISTD_H 1
| /* end confdefs.h.  */
| #include <stdio.h>
| #ifdef HAVE_SYS_TYPES_H
| # include <sys/types.h>
| #endif
| #ifdef HAVE_SYS_STAT_H
| # include <sys/stat.h>
| #endif
| #ifdef STDC_HEADERS
| # include <stdlib.h>
| # include <stddef.h>
| #else
| # ifdef HAVE_STDLIB_H
| #  include <stdlib.h>
| # endif
| #endif
| #ifdef HAVE_STRING_H
| # if !defined STDC_HEADERS && defined HAVE_MEMORY_H
| #  include <memory.h>
| # endif
| # include <string.h>
| #endif
| #ifdef HAVE_STRINGS_H
| # include <strings.h>
| #endif
| #ifdef HAVE_INTTYPES_H
| # include <inttypes.h>
| #endif
| #ifdef HAVE_STDINT_H
| # include <stdint.h>
| #endif
| #ifdef HAVE_UNISTD_H
| # include <unistd.h>
| #endif
| 	        enum { N = 32 / 2 - 1 };
| int
| main ()
| {
| static int test_array [1 - 2 * !((int32_t) (((((int32_t) 1 << N) << N) - 1) * 2 + 1)
| 		 < (int32_t) (((((int32_t) 1 << N) << N) - 1) * 2 + 2))];
| test_array [0] = 0;
| return test_array [0];
| 
|   ;
|   return 0;
| }
configure:3983: result: yes
configure:3994: checking for int64_t
configure:3994: clang -c -g -O3  conftest.c >&5
configure:3994: $? = 0
configure:3994: clang -c -g -O3  conftest.c >&5
conftest.c:75:24: error: 'test_array' declared as an array with a negative size
static int test_array [1 - 2 * !((int64_t) (((((int64_t) 1 << N) << N) - 1) * 2 + 1)
                       ^~~~~~~~~~~~~~~~~~~~~~~~~~~~~~~~~~~~~~~~~~~~~~~~~~~~~~~~~~~~~
1 error generated.
configure:3994: $? = 1
configure: failed program was:
| /* confdefs.h */
| #define PACKAGE_NAME "istgt"
| #define PACKAGE_TARNAME "istgt"
| #define PACKAGE_VERSION "0.5"
| #define PACKAGE_STRING "istgt 0.5"
| #define PACKAGE_BUGREPORT ""
| #define PACKAGE_URL ""
| #define _GNU_SOURCE 1
| #define HAVE_LIBPTHREAD 1
| #define HAVE_LIBCRYPTO 1
| #define STDC_HEADERS 1
| #define HAVE_SYS_TYPES_H 1
| #define HAVE_SYS_STAT_H 1
| #define HAVE_STDLIB_H 1
| #define HAVE_STRING_H 1
| #define HAVE_MEMORY_H 1
| #define HAVE_STRINGS_H 1
| #define HAVE_INTTYPES_H 1
| #define HAVE_STDINT_H 1
| #define HAVE_UNISTD_H 1
| #define HAVE_ARPA_INET_H 1
| #define HAVE_FCNTL_H 1
| #define HAVE_INTTYPES_H 1
| #define HAVE_LIMITS_H 1
| #define HAVE_NETDB_H 1
| #define HAVE_NETINET_IN_H 1
| #define HAVE_STDDEF_H 1
| #define HAVE_STDINT_H 1
| #define HAVE_STDLIB_H 1
| #define HAVE_STRING_H 1
| #define HAVE_SYS_IOCTL_H 1
| #define HAVE_SYS_PARAM_H 1
| #define HAVE_SYS_SOCKET_H 1
| #define HAVE_SYS_TIME_H 1
| #define HAVE_SYSLOG_H 1
| #define HAVE_UNISTD_H 1
| /* end confdefs.h.  */
| #include <stdio.h>
| #ifdef HAVE_SYS_TYPES_H
| # include <sys/types.h>
| #endif
| #ifdef HAVE_SYS_STAT_H
| # include <sys/stat.h>
| #endif
| #ifdef STDC_HEADERS
| # include <stdlib.h>
| # include <stddef.h>
| #else
| # ifdef HAVE_STDLIB_H
| #  include <stdlib.h>
| # endif
| #endif
| #ifdef HAVE_STRING_H
| # if !defined STDC_HEADERS && defined HAVE_MEMORY_H
| #  include <memory.h>
| # endif
| # include <string.h>
| #endif
| #ifdef HAVE_STRINGS_H
| # include <strings.h>
| #endif
| #ifdef HAVE_INTTYPES_H
| # include <inttypes.h>
| #endif
| #ifdef HAVE_STDINT_H
| # include <stdint.h>
| #endif
| #ifdef HAVE_UNISTD_H
| # include <unistd.h>
| #endif
| 	        enum { N = 64 / 2 - 1 };
| int
| main ()
| {
| static int test_array [1 - 2 * !((int64_t) (((((int64_t) 1 << N) << N) - 1) * 2 + 1)
| 		 < (int64_t) (((((int64_t) 1 << N) << N) - 1) * 2 + 2))];
| test_array [0] = 0;
| return test_array [0];
| 
|   ;
|   return 0;
| }
configure:3994: result: yes
configure:4005: checking for off_t
configure:4005: clang -c -g -O3  conftest.c >&5
configure:4005: $? = 0
configure:4005: clang -c -g -O3  conftest.c >&5
conftest.c:74:20: error: expected expression
if (sizeof ((off_t)))
                   ^
1 error generated.
configure:4005: $? = 1
configure: failed program was:
| /* confdefs.h */
| #define PACKAGE_NAME "istgt"
| #define PACKAGE_TARNAME "istgt"
| #define PACKAGE_VERSION "0.5"
| #define PACKAGE_STRING "istgt 0.5"
| #define PACKAGE_BUGREPORT ""
| #define PACKAGE_URL ""
| #define _GNU_SOURCE 1
| #define HAVE_LIBPTHREAD 1
| #define HAVE_LIBCRYPTO 1
| #define STDC_HEADERS 1
| #define HAVE_SYS_TYPES_H 1
| #define HAVE_SYS_STAT_H 1
| #define HAVE_STDLIB_H 1
| #define HAVE_STRING_H 1
| #define HAVE_MEMORY_H 1
| #define HAVE_STRINGS_H 1
| #define HAVE_INTTYPES_H 1
| #define HAVE_STDINT_H 1
| #define HAVE_UNISTD_H 1
| #define HAVE_ARPA_INET_H 1
| #define HAVE_FCNTL_H 1
| #define HAVE_INTTYPES_H 1
| #define HAVE_LIMITS_H 1
| #define HAVE_NETDB_H 1
| #define HAVE_NETINET_IN_H 1
| #define HAVE_STDDEF_H 1
| #define HAVE_STDINT_H 1
| #define HAVE_STDLIB_H 1
| #define HAVE_STRING_H 1
| #define HAVE_SYS_IOCTL_H 1
| #define HAVE_SYS_PARAM_H 1
| #define HAVE_SYS_SOCKET_H 1
| #define HAVE_SYS_TIME_H 1
| #define HAVE_SYSLOG_H 1
| #define HAVE_UNISTD_H 1
| /* end confdefs.h.  */
| #include <stdio.h>
| #ifdef HAVE_SYS_TYPES_H
| # include <sys/types.h>
| #endif
| #ifdef HAVE_SYS_STAT_H
| # include <sys/stat.h>
| #endif
| #ifdef STDC_HEADERS
| # include <stdlib.h>
| # include <stddef.h>
| #else
| # ifdef HAVE_STDLIB_H
| #  include <stdlib.h>
| # endif
| #endif
| #ifdef HAVE_STRING_H
| # if !defined STDC_HEADERS && defined HAVE_MEMORY_H
| #  include <memory.h>
| # endif
| # include <string.h>
| #endif
| #ifdef HAVE_STRINGS_H
| # include <strings.h>
| #endif
| #ifdef HAVE_INTTYPES_H
| # include <inttypes.h>
| #endif
| #ifdef HAVE_STDINT_H
| # include <stdint.h>
| #endif
| #ifdef HAVE_UNISTD_H
| # include <unistd.h>
| #endif
| int
| main ()
| {
| if (sizeof ((off_t)))
| 	    return 0;
|   ;
|   return 0;
| }
configure:4005: result: yes
configure:4016: checking for pid_t
configure:4016: clang -c -g -O3  conftest.c >&5
configure:4016: $? = 0
configure:4016: clang -c -g -O3  conftest.c >&5
conftest.c:74:20: error: expected expression
if (sizeof ((pid_t)))
                   ^
1 error generated.
configure:4016: $? = 1
configure: failed program was:
| /* confdefs.h */
| #define PACKAGE_NAME "istgt"
| #define PACKAGE_TARNAME "istgt"
| #define PACKAGE_VERSION "0.5"
| #define PACKAGE_STRING "istgt 0.5"
| #define PACKAGE_BUGREPORT ""
| #define PACKAGE_URL ""
| #define _GNU_SOURCE 1
| #define HAVE_LIBPTHREAD 1
| #define HAVE_LIBCRYPTO 1
| #define STDC_HEADERS 1
| #define HAVE_SYS_TYPES_H 1
| #define HAVE_SYS_STAT_H 1
| #define HAVE_STDLIB_H 1
| #define HAVE_STRING_H 1
| #define HAVE_MEMORY_H 1
| #define HAVE_STRINGS_H 1
| #define HAVE_INTTYPES_H 1
| #define HAVE_STDINT_H 1
| #define HAVE_UNISTD_H 1
| #define HAVE_ARPA_INET_H 1
| #define HAVE_FCNTL_H 1
| #define HAVE_INTTYPES_H 1
| #define HAVE_LIMITS_H 1
| #define HAVE_NETDB_H 1
| #define HAVE_NETINET_IN_H 1
| #define HAVE_STDDEF_H 1
| #define HAVE_STDINT_H 1
| #define HAVE_STDLIB_H 1
| #define HAVE_STRING_H 1
| #define HAVE_SYS_IOCTL_H 1
| #define HAVE_SYS_PARAM_H 1
| #define HAVE_SYS_SOCKET_H 1
| #define HAVE_SYS_TIME_H 1
| #define HAVE_SYSLOG_H 1
| #define HAVE_UNISTD_H 1
| /* end confdefs.h.  */
| #include <stdio.h>
| #ifdef HAVE_SYS_TYPES_H
| # include <sys/types.h>
| #endif
| #ifdef HAVE_SYS_STAT_H
| # include <sys/stat.h>
| #endif
| #ifdef STDC_HEADERS
| # include <stdlib.h>
| # include <stddef.h>
| #else
| # ifdef HAVE_STDLIB_H
| #  include <stdlib.h>
| # endif
| #endif
| #ifdef HAVE_STRING_H
| # if !defined STDC_HEADERS && defined HAVE_MEMORY_H
| #  include <memory.h>
| # endif
| # include <string.h>
| #endif
| #ifdef HAVE_STRINGS_H
| # include <strings.h>
| #endif
| #ifdef HAVE_INTTYPES_H
| # include <inttypes.h>
| #endif
| #ifdef HAVE_STDINT_H
| # include <stdint.h>
| #endif
| #ifdef HAVE_UNISTD_H
| # include <unistd.h>
| #endif
| int
| main ()
| {
| if (sizeof ((pid_t)))
| 	    return 0;
|   ;
|   return 0;
| }
configure:4016: result: yes
configure:4027: checking for size_t
configure:4027: clang -c -g -O3  conftest.c >&5
configure:4027: $? = 0
configure:4027: clang -c -g -O3  conftest.c >&5
conftest.c:74:21: error: expected expression
if (sizeof ((size_t)))
                    ^
1 error generated.
configure:4027: $? = 1
configure: failed program was:
| /* confdefs.h */
| #define PACKAGE_NAME "istgt"
| #define PACKAGE_TARNAME "istgt"
| #define PACKAGE_VERSION "0.5"
| #define PACKAGE_STRING "istgt 0.5"
| #define PACKAGE_BUGREPORT ""
| #define PACKAGE_URL ""
| #define _GNU_SOURCE 1
| #define HAVE_LIBPTHREAD 1
| #define HAVE_LIBCRYPTO 1
| #define STDC_HEADERS 1
| #define HAVE_SYS_TYPES_H 1
| #define HAVE_SYS_STAT_H 1
| #define HAVE_STDLIB_H 1
| #define HAVE_STRING_H 1
| #define HAVE_MEMORY_H 1
| #define HAVE_STRINGS_H 1
| #define HAVE_INTTYPES_H 1
| #define HAVE_STDINT_H 1
| #define HAVE_UNISTD_H 1
| #define HAVE_ARPA_INET_H 1
| #define HAVE_FCNTL_H 1
| #define HAVE_INTTYPES_H 1
| #define HAVE_LIMITS_H 1
| #define HAVE_NETDB_H 1
| #define HAVE_NETINET_IN_H 1
| #define HAVE_STDDEF_H 1
| #define HAVE_STDINT_H 1
| #define HAVE_STDLIB_H 1
| #define HAVE_STRING_H 1
| #define HAVE_SYS_IOCTL_H 1
| #define HAVE_SYS_PARAM_H 1
| #define HAVE_SYS_SOCKET_H 1
| #define HAVE_SYS_TIME_H 1
| #define HAVE_SYSLOG_H 1
| #define HAVE_UNISTD_H 1
| /* end confdefs.h.  */
| #include <stdio.h>
| #ifdef HAVE_SYS_TYPES_H
| # include <sys/types.h>
| #endif
| #ifdef HAVE_SYS_STAT_H
| # include <sys/stat.h>
| #endif
| #ifdef STDC_HEADERS
| # include <stdlib.h>
| # include <stddef.h>
| #else
| # ifdef HAVE_STDLIB_H
| #  include <stdlib.h>
| # endif
| #endif
| #ifdef HAVE_STRING_H
| # if !defined STDC_HEADERS && defined HAVE_MEMORY_H
| #  include <memory.h>
| # endif
| # include <string.h>
| #endif
| #ifdef HAVE_STRINGS_H
| # include <strings.h>
| #endif
| #ifdef HAVE_INTTYPES_H
| # include <inttypes.h>
| #endif
| #ifdef HAVE_STDINT_H
| # include <stdint.h>
| #endif
| #ifdef HAVE_UNISTD_H
| # include <unistd.h>
| #endif
| int
| main ()
| {
| if (sizeof ((size_t)))
| 	    return 0;
|   ;
|   return 0;
| }
configure:4027: result: yes
configure:4038: checking for ssize_t
configure:4038: clang -c -g -O3  conftest.c >&5
configure:4038: $? = 0
configure:4038: clang -c -g -O3  conftest.c >&5
conftest.c:74:22: error: expected expression
if (sizeof ((ssize_t)))
                     ^
1 error generated.
configure:4038: $? = 1
configure: failed program was:
| /* confdefs.h */
| #define PACKAGE_NAME "istgt"
| #define PACKAGE_TARNAME "istgt"
| #define PACKAGE_VERSION "0.5"
| #define PACKAGE_STRING "istgt 0.5"
| #define PACKAGE_BUGREPORT ""
| #define PACKAGE_URL ""
| #define _GNU_SOURCE 1
| #define HAVE_LIBPTHREAD 1
| #define HAVE_LIBCRYPTO 1
| #define STDC_HEADERS 1
| #define HAVE_SYS_TYPES_H 1
| #define HAVE_SYS_STAT_H 1
| #define HAVE_STDLIB_H 1
| #define HAVE_STRING_H 1
| #define HAVE_MEMORY_H 1
| #define HAVE_STRINGS_H 1
| #define HAVE_INTTYPES_H 1
| #define HAVE_STDINT_H 1
| #define HAVE_UNISTD_H 1
| #define HAVE_ARPA_INET_H 1
| #define HAVE_FCNTL_H 1
| #define HAVE_INTTYPES_H 1
| #define HAVE_LIMITS_H 1
| #define HAVE_NETDB_H 1
| #define HAVE_NETINET_IN_H 1
| #define HAVE_STDDEF_H 1
| #define HAVE_STDINT_H 1
| #define HAVE_STDLIB_H 1
| #define HAVE_STRING_H 1
| #define HAVE_SYS_IOCTL_H 1
| #define HAVE_SYS_PARAM_H 1
| #define HAVE_SYS_SOCKET_H 1
| #define HAVE_SYS_TIME_H 1
| #define HAVE_SYSLOG_H 1
| #define HAVE_UNISTD_H 1
| /* end confdefs.h.  */
| #include <stdio.h>
| #ifdef HAVE_SYS_TYPES_H
| # include <sys/types.h>
| #endif
| #ifdef HAVE_SYS_STAT_H
| # include <sys/stat.h>
| #endif
| #ifdef STDC_HEADERS
| # include <stdlib.h>
| # include <stddef.h>
| #else
| # ifdef HAVE_STDLIB_H
| #  include <stdlib.h>
| # endif
| #endif
| #ifdef HAVE_STRING_H
| # if !defined STDC_HEADERS && defined HAVE_MEMORY_H
| #  include <memory.h>
| # endif
| # include <string.h>
| #endif
| #ifdef HAVE_STRINGS_H
| # include <strings.h>
| #endif
| #ifdef HAVE_INTTYPES_H
| # include <inttypes.h>
| #endif
| #ifdef HAVE_STDINT_H
| # include <stdint.h>
| #endif
| #ifdef HAVE_UNISTD_H
| # include <unistd.h>
| #endif
| int
| main ()
| {
| if (sizeof ((ssize_t)))
| 	    return 0;
|   ;
|   return 0;
| }
configure:4038: result: yes
configure:4049: checking for struct stat.st_blocks
configure:4049: clang -c -g -O3  conftest.c >&5
configure:4049: $? = 0
configure:4049: result: yes
configure:4069: checking for uint16_t
configure:4069: clang -c -g -O3  conftest.c >&5
configure:4069: $? = 0
configure:4069: result: yes
configure:4081: checking for uint32_t
configure:4081: clang -c -g -O3  conftest.c >&5
configure:4081: $? = 0
configure:4081: result: yes
configure:4095: checking for uint64_t
configure:4095: clang -c -g -O3  conftest.c >&5
configure:4095: $? = 0
configure:4095: result: yes
configure:4109: checking for uint8_t
configure:4109: clang -c -g -O3  conftest.c >&5
configure:4109: $? = 0
configure:4109: result: yes
configure:4125: checking whether lstat correctly handles trailing slash
configure:4151: clang -o conftest -g -O3   conftest.c -lcrypto -lpthread -lkqueue   >&5
configure:4151: $? = 0
configure:4151: ./conftest
configure:4151: $? = 0
configure:4168: result: yes
configure:4189: checking for stdlib.h
configure:4189: result: yes
configure:4199: checking for GNU libc compatible malloc
configure:4223: clang -o conftest -g -O3   conftest.c -lcrypto -lpthread -lkqueue   >&5
configure:4223: $? = 0
configure:4223: ./conftest
configure:4223: $? = 0
configure:4233: result: yes
configure:4256: checking for stdlib.h
configure:4256: result: yes
configure:4266: checking for GNU libc compatible realloc
configure:4290: clang -o conftest -g -O3   conftest.c -lcrypto -lpthread -lkqueue   >&5
configure:4290: $? = 0
configure:4290: ./conftest
configure:4290: $? = 0
configure:4300: result: yes
configure:4324: checking for ftruncate
configure:4324: clang -o conftest -g -O3   conftest.c -lcrypto -lpthread -lkqueue   >&5
configure:4324: $? = 0
configure:4324: result: yes
configure:4324: checking for memset
configure:4324: clang -o conftest -g -O3   conftest.c -lcrypto -lpthread -lkqueue   >&5
conftest.c:69:6: warning: incompatible redeclaration of library function 'memset' [-Wincompatible-library-redeclaration]
char memset ();
     ^
conftest.c:69:6: note: 'memset' is a builtin with type 'void *(void *, int, unsigned long)'
1 warning generated.
configure:4324: $? = 0
configure:4324: result: yes
configure:4324: checking for realpath
configure:4324: clang -o conftest -g -O3   conftest.c -lcrypto -lpthread -lkqueue   >&5
configure:4324: $? = 0
configure:4324: result: yes
configure:4324: checking for socket
configure:4324: clang -o conftest -g -O3   conftest.c -lcrypto -lpthread -lkqueue   >&5
configure:4324: $? = 0
configure:4324: result: yes
configure:4324: checking for strcasecmp
configure:4324: clang -o conftest -g -O3   conftest.c -lcrypto -lpthread -lkqueue   >&5
conftest.c:72:6: warning: incompatible redeclaration of library function 'strcasecmp' [-Wincompatible-library-redeclaration]
char strcasecmp ();
     ^
conftest.c:72:6: note: 'strcasecmp' is a builtin with type 'int (const char *, const char *)'
1 warning generated.
configure:4324: $? = 0
configure:4324: result: yes
configure:4324: checking for strchr
configure:4324: clang -o conftest -g -O3   conftest.c -lcrypto -lpthread -lkqueue   >&5
conftest.c:73:6: warning: incompatible redeclaration of library function 'strchr' [-Wincompatible-library-redeclaration]
char strchr ();
     ^
conftest.c:73:6: note: 'strchr' is a builtin with type 'char *(const char *, int)'
1 warning generated.
configure:4324: $? = 0
configure:4324: result: yes
configure:4324: checking for strncasecmp
configure:4324: clang -o conftest -g -O3   conftest.c -lcrypto -lpthread -lkqueue   >&5
conftest.c:74:6: warning: incompatible redeclaration of library function 'strncasecmp' [-Wincompatible-library-redeclaration]
char strncasecmp ();
     ^
conftest.c:74:6: note: 'strncasecmp' is a builtin with type 'int (const char *, const char *, unsigned long)'
1 warning generated.
configure:4324: $? = 0
configure:4324: result: yes
configure:4324: checking for strspn
configure:4324: clang -o conftest -g -O3   conftest.c -lcrypto -lpthread -lkqueue   >&5
conftest.c:75:6: warning: incompatible redeclaration of library function 'strspn' [-Wincompatible-library-redeclaration]
char strspn ();
     ^
conftest.c:75:6: note: 'strspn' is a builtin with type 'unsigned long (const char *, const char *)'
1 warning generated.
configure:4324: $? = 0
configure:4324: result: yes
configure:4324: checking for strtol
configure:4324: clang -o conftest -g -O3   conftest.c -lcrypto -lpthread -lkqueue   >&5
configure:4324: $? = 0
configure:4324: result: yes
configure:4324: checking for strtoull
configure:4324: clang -o conftest -g -O3   conftest.c -lcrypto -lpthread -lkqueue   >&5
configure:4324: $? = 0
configure:4324: result: yes
configure:4342: checking for special C compiler options needed for large files
configure:4387: result: no
configure:4393: checking for _FILE_OFFSET_BITS value needed for large files
configure:4418: clang -c -g -O3  conftest.c >&5
configure:4418: $? = 0
configure:4450: result: no
configure:4538: checking aio.h usability
configure:4538: clang -c -g -O3  conftest.c >&5
configure:4538: $? = 0
configure:4538: result: yes
configure:4538: checking aio.h presence
configure:4538: clang -E  conftest.c
configure:4538: $? = 0
configure:4538: result: yes
configure:4538: checking for aio.h
configure:4538: result: yes
configure:4538: checking sched.h usability
configure:4538: clang -c -g -O3  conftest.c >&5
configure:4538: $? = 0
configure:4538: result: yes
configure:4538: checking sched.h presence
configure:4538: clang -E  conftest.c
configure:4538: $? = 0
configure:4538: result: yes
configure:4538: checking for sched.h
configure:4538: result: yes
configure:4538: checking uuid.h usability
configure:4538: clang -c -g -O3  conftest.c >&5
conftest.c:90:10: fatal error: 'uuid.h' file not found
#include <uuid.h>
         ^
1 error generated.
configure:4538: $? = 1
configure: failed program was:
| /* confdefs.h */
| #define PACKAGE_NAME "istgt"
| #define PACKAGE_TARNAME "istgt"
| #define PACKAGE_VERSION "0.5"
| #define PACKAGE_STRING "istgt 0.5"
| #define PACKAGE_BUGREPORT ""
| #define PACKAGE_URL ""
| #define _GNU_SOURCE 1
| #define HAVE_LIBPTHREAD 1
| #define HAVE_LIBCRYPTO 1
| #define STDC_HEADERS 1
| #define HAVE_SYS_TYPES_H 1
| #define HAVE_SYS_STAT_H 1
| #define HAVE_STDLIB_H 1
| #define HAVE_STRING_H 1
| #define HAVE_MEMORY_H 1
| #define HAVE_STRINGS_H 1
| #define HAVE_INTTYPES_H 1
| #define HAVE_STDINT_H 1
| #define HAVE_UNISTD_H 1
| #define HAVE_ARPA_INET_H 1
| #define HAVE_FCNTL_H 1
| #define HAVE_INTTYPES_H 1
| #define HAVE_LIMITS_H 1
| #define HAVE_NETDB_H 1
| #define HAVE_NETINET_IN_H 1
| #define HAVE_STDDEF_H 1
| #define HAVE_STDINT_H 1
| #define HAVE_STDLIB_H 1
| #define HAVE_STRING_H 1
| #define HAVE_SYS_IOCTL_H 1
| #define HAVE_SYS_PARAM_H 1
| #define HAVE_SYS_SOCKET_H 1
| #define HAVE_SYS_TIME_H 1
| #define HAVE_SYSLOG_H 1
| #define HAVE_UNISTD_H 1
| #define HAVE_STRUCT_STAT_ST_BLOCKS 1
| #define HAVE_ST_BLOCKS 1
| #define LSTAT_FOLLOWS_SLASHED_SYMLINK 1
| #define HAVE_STDLIB_H 1
| #define HAVE_MALLOC 1
| #define HAVE_STDLIB_H 1
| #define HAVE_REALLOC 1
| #define HAVE_FTRUNCATE 1
| #define HAVE_MEMSET 1
| #define HAVE_REALPATH 1
| #define HAVE_SOCKET 1
| #define HAVE_STRCASECMP 1
| #define HAVE_STRCHR 1
| #define HAVE_STRNCASECMP 1
| #define HAVE_STRSPN 1
| #define HAVE_STRTOL 1
| #define HAVE_STRTOULL 1
| #define HAVE_AIO_H 1
| #define HAVE_SCHED_H 1
| /* end confdefs.h.  */
| #include <stdio.h>
| #ifdef HAVE_SYS_TYPES_H
| # include <sys/types.h>
| #endif
| #ifdef HAVE_SYS_STAT_H
| # include <sys/stat.h>
| #endif
| #ifdef STDC_HEADERS
| # include <stdlib.h>
| # include <stddef.h>
| #else
| # ifdef HAVE_STDLIB_H
| #  include <stdlib.h>
| # endif
| #endif
| #ifdef HAVE_STRING_H
| # if !defined STDC_HEADERS && defined HAVE_MEMORY_H
| #  include <memory.h>
| # endif
| # include <string.h>
| #endif
| #ifdef HAVE_STRINGS_H
| # include <strings.h>
| #endif
| #ifdef HAVE_INTTYPES_H
| # include <inttypes.h>
| #endif
| #ifdef HAVE_STDINT_H
| # include <stdint.h>
| #endif
| #ifdef HAVE_UNISTD_H
| # include <unistd.h>
| #endif
| #include <uuid.h>
configure:4538: result: no
configure:4538: checking uuid.h presence
configure:4538: clang -E  conftest.c
conftest.c:57:10: fatal error: 'uuid.h' file not found
#include <uuid.h>
         ^
1 error generated.
configure:4538: $? = 1
configure: failed program was:
| /* confdefs.h */
| #define PACKAGE_NAME "istgt"
| #define PACKAGE_TARNAME "istgt"
| #define PACKAGE_VERSION "0.5"
| #define PACKAGE_STRING "istgt 0.5"
| #define PACKAGE_BUGREPORT ""
| #define PACKAGE_URL ""
| #define _GNU_SOURCE 1
| #define HAVE_LIBPTHREAD 1
| #define HAVE_LIBCRYPTO 1
| #define STDC_HEADERS 1
| #define HAVE_SYS_TYPES_H 1
| #define HAVE_SYS_STAT_H 1
| #define HAVE_STDLIB_H 1
| #define HAVE_STRING_H 1
| #define HAVE_MEMORY_H 1
| #define HAVE_STRINGS_H 1
| #define HAVE_INTTYPES_H 1
| #define HAVE_STDINT_H 1
| #define HAVE_UNISTD_H 1
| #define HAVE_ARPA_INET_H 1
| #define HAVE_FCNTL_H 1
| #define HAVE_INTTYPES_H 1
| #define HAVE_LIMITS_H 1
| #define HAVE_NETDB_H 1
| #define HAVE_NETINET_IN_H 1
| #define HAVE_STDDEF_H 1
| #define HAVE_STDINT_H 1
| #define HAVE_STDLIB_H 1
| #define HAVE_STRING_H 1
| #define HAVE_SYS_IOCTL_H 1
| #define HAVE_SYS_PARAM_H 1
| #define HAVE_SYS_SOCKET_H 1
| #define HAVE_SYS_TIME_H 1
| #define HAVE_SYSLOG_H 1
| #define HAVE_UNISTD_H 1
| #define HAVE_STRUCT_STAT_ST_BLOCKS 1
| #define HAVE_ST_BLOCKS 1
| #define LSTAT_FOLLOWS_SLASHED_SYMLINK 1
| #define HAVE_STDLIB_H 1
| #define HAVE_MALLOC 1
| #define HAVE_STDLIB_H 1
| #define HAVE_REALLOC 1
| #define HAVE_FTRUNCATE 1
| #define HAVE_MEMSET 1
| #define HAVE_REALPATH 1
| #define HAVE_SOCKET 1
| #define HAVE_STRCASECMP 1
| #define HAVE_STRCHR 1
| #define HAVE_STRNCASECMP 1
| #define HAVE_STRSPN 1
| #define HAVE_STRTOL 1
| #define HAVE_STRTOULL 1
| #define HAVE_AIO_H 1
| #define HAVE_SCHED_H 1
| /* end confdefs.h.  */
| #include <uuid.h>
configure:4538: result: no
configure:4538: checking for uuid.h
configure:4538: result: no
configure:4538: checking sys/disk.h usability
configure:4538: clang -c -g -O3  conftest.c >&5
conftest.c:90:10: fatal error: 'sys/disk.h' file not found
#include <sys/disk.h>
         ^
1 error generated.
configure:4538: $? = 1
configure: failed program was:
| /* confdefs.h */
| #define PACKAGE_NAME "istgt"
| #define PACKAGE_TARNAME "istgt"
| #define PACKAGE_VERSION "0.5"
| #define PACKAGE_STRING "istgt 0.5"
| #define PACKAGE_BUGREPORT ""
| #define PACKAGE_URL ""
| #define _GNU_SOURCE 1
| #define HAVE_LIBPTHREAD 1
| #define HAVE_LIBCRYPTO 1
| #define STDC_HEADERS 1
| #define HAVE_SYS_TYPES_H 1
| #define HAVE_SYS_STAT_H 1
| #define HAVE_STDLIB_H 1
| #define HAVE_STRING_H 1
| #define HAVE_MEMORY_H 1
| #define HAVE_STRINGS_H 1
| #define HAVE_INTTYPES_H 1
| #define HAVE_STDINT_H 1
| #define HAVE_UNISTD_H 1
| #define HAVE_ARPA_INET_H 1
| #define HAVE_FCNTL_H 1
| #define HAVE_INTTYPES_H 1
| #define HAVE_LIMITS_H 1
| #define HAVE_NETDB_H 1
| #define HAVE_NETINET_IN_H 1
| #define HAVE_STDDEF_H 1
| #define HAVE_STDINT_H 1
| #define HAVE_STDLIB_H 1
| #define HAVE_STRING_H 1
| #define HAVE_SYS_IOCTL_H 1
| #define HAVE_SYS_PARAM_H 1
| #define HAVE_SYS_SOCKET_H 1
| #define HAVE_SYS_TIME_H 1
| #define HAVE_SYSLOG_H 1
| #define HAVE_UNISTD_H 1
| #define HAVE_STRUCT_STAT_ST_BLOCKS 1
| #define HAVE_ST_BLOCKS 1
| #define LSTAT_FOLLOWS_SLASHED_SYMLINK 1
| #define HAVE_STDLIB_H 1
| #define HAVE_MALLOC 1
| #define HAVE_STDLIB_H 1
| #define HAVE_REALLOC 1
| #define HAVE_FTRUNCATE 1
| #define HAVE_MEMSET 1
| #define HAVE_REALPATH 1
| #define HAVE_SOCKET 1
| #define HAVE_STRCASECMP 1
| #define HAVE_STRCHR 1
| #define HAVE_STRNCASECMP 1
| #define HAVE_STRSPN 1
| #define HAVE_STRTOL 1
| #define HAVE_STRTOULL 1
| #define HAVE_AIO_H 1
| #define HAVE_SCHED_H 1
| /* end confdefs.h.  */
| #include <stdio.h>
| #ifdef HAVE_SYS_TYPES_H
| # include <sys/types.h>
| #endif
| #ifdef HAVE_SYS_STAT_H
| # include <sys/stat.h>
| #endif
| #ifdef STDC_HEADERS
| # include <stdlib.h>
| # include <stddef.h>
| #else
| # ifdef HAVE_STDLIB_H
| #  include <stdlib.h>
| # endif
| #endif
| #ifdef HAVE_STRING_H
| # if !defined STDC_HEADERS && defined HAVE_MEMORY_H
| #  include <memory.h>
| # endif
| # include <string.h>
| #endif
| #ifdef HAVE_STRINGS_H
| # include <strings.h>
| #endif
| #ifdef HAVE_INTTYPES_H
| # include <inttypes.h>
| #endif
| #ifdef HAVE_STDINT_H
| # include <stdint.h>
| #endif
| #ifdef HAVE_UNISTD_H
| # include <unistd.h>
| #endif
| #include <sys/disk.h>
configure:4538: result: no
configure:4538: checking sys/disk.h presence
configure:4538: clang -E  conftest.c
conftest.c:57:10: fatal error: 'sys/disk.h' file not found
#include <sys/disk.h>
         ^
1 error generated.
configure:4538: $? = 1
configure: failed program was:
| /* confdefs.h */
| #define PACKAGE_NAME "istgt"
| #define PACKAGE_TARNAME "istgt"
| #define PACKAGE_VERSION "0.5"
| #define PACKAGE_STRING "istgt 0.5"
| #define PACKAGE_BUGREPORT ""
| #define PACKAGE_URL ""
| #define _GNU_SOURCE 1
| #define HAVE_LIBPTHREAD 1
| #define HAVE_LIBCRYPTO 1
| #define STDC_HEADERS 1
| #define HAVE_SYS_TYPES_H 1
| #define HAVE_SYS_STAT_H 1
| #define HAVE_STDLIB_H 1
| #define HAVE_STRING_H 1
| #define HAVE_MEMORY_H 1
| #define HAVE_STRINGS_H 1
| #define HAVE_INTTYPES_H 1
| #define HAVE_STDINT_H 1
| #define HAVE_UNISTD_H 1
| #define HAVE_ARPA_INET_H 1
| #define HAVE_FCNTL_H 1
| #define HAVE_INTTYPES_H 1
| #define HAVE_LIMITS_H 1
| #define HAVE_NETDB_H 1
| #define HAVE_NETINET_IN_H 1
| #define HAVE_STDDEF_H 1
| #define HAVE_STDINT_H 1
| #define HAVE_STDLIB_H 1
| #define HAVE_STRING_H 1
| #define HAVE_SYS_IOCTL_H 1
| #define HAVE_SYS_PARAM_H 1
| #define HAVE_SYS_SOCKET_H 1
| #define HAVE_SYS_TIME_H 1
| #define HAVE_SYSLOG_H 1
| #define HAVE_UNISTD_H 1
| #define HAVE_STRUCT_STAT_ST_BLOCKS 1
| #define HAVE_ST_BLOCKS 1
| #define LSTAT_FOLLOWS_SLASHED_SYMLINK 1
| #define HAVE_STDLIB_H 1
| #define HAVE_MALLOC 1
| #define HAVE_STDLIB_H 1
| #define HAVE_REALLOC 1
| #define HAVE_FTRUNCATE 1
| #define HAVE_MEMSET 1
| #define HAVE_REALPATH 1
| #define HAVE_SOCKET 1
| #define HAVE_STRCASECMP 1
| #define HAVE_STRCHR 1
| #define HAVE_STRNCASECMP 1
| #define HAVE_STRSPN 1
| #define HAVE_STRTOL 1
| #define HAVE_STRTOULL 1
| #define HAVE_AIO_H 1
| #define HAVE_SCHED_H 1
| /* end confdefs.h.  */
| #include <sys/disk.h>
configure:4538: result: no
configure:4538: checking for sys/disk.h
configure:4538: result: no
configure:4538: checking sys/disklabel.h usability
configure:4538: clang -c -g -O3  conftest.c >&5
conftest.c:90:10: fatal error: 'sys/disklabel.h' file not found
#include <sys/disklabel.h>
         ^
1 error generated.
configure:4538: $? = 1
configure: failed program was:
| /* confdefs.h */
| #define PACKAGE_NAME "istgt"
| #define PACKAGE_TARNAME "istgt"
| #define PACKAGE_VERSION "0.5"
| #define PACKAGE_STRING "istgt 0.5"
| #define PACKAGE_BUGREPORT ""
| #define PACKAGE_URL ""
| #define _GNU_SOURCE 1
| #define HAVE_LIBPTHREAD 1
| #define HAVE_LIBCRYPTO 1
| #define STDC_HEADERS 1
| #define HAVE_SYS_TYPES_H 1
| #define HAVE_SYS_STAT_H 1
| #define HAVE_STDLIB_H 1
| #define HAVE_STRING_H 1
| #define HAVE_MEMORY_H 1
| #define HAVE_STRINGS_H 1
| #define HAVE_INTTYPES_H 1
| #define HAVE_STDINT_H 1
| #define HAVE_UNISTD_H 1
| #define HAVE_ARPA_INET_H 1
| #define HAVE_FCNTL_H 1
| #define HAVE_INTTYPES_H 1
| #define HAVE_LIMITS_H 1
| #define HAVE_NETDB_H 1
| #define HAVE_NETINET_IN_H 1
| #define HAVE_STDDEF_H 1
| #define HAVE_STDINT_H 1
| #define HAVE_STDLIB_H 1
| #define HAVE_STRING_H 1
| #define HAVE_SYS_IOCTL_H 1
| #define HAVE_SYS_PARAM_H 1
| #define HAVE_SYS_SOCKET_H 1
| #define HAVE_SYS_TIME_H 1
| #define HAVE_SYSLOG_H 1
| #define HAVE_UNISTD_H 1
| #define HAVE_STRUCT_STAT_ST_BLOCKS 1
| #define HAVE_ST_BLOCKS 1
| #define LSTAT_FOLLOWS_SLASHED_SYMLINK 1
| #define HAVE_STDLIB_H 1
| #define HAVE_MALLOC 1
| #define HAVE_STDLIB_H 1
| #define HAVE_REALLOC 1
| #define HAVE_FTRUNCATE 1
| #define HAVE_MEMSET 1
| #define HAVE_REALPATH 1
| #define HAVE_SOCKET 1
| #define HAVE_STRCASECMP 1
| #define HAVE_STRCHR 1
| #define HAVE_STRNCASECMP 1
| #define HAVE_STRSPN 1
| #define HAVE_STRTOL 1
| #define HAVE_STRTOULL 1
| #define HAVE_AIO_H 1
| #define HAVE_SCHED_H 1
| /* end confdefs.h.  */
| #include <stdio.h>
| #ifdef HAVE_SYS_TYPES_H
| # include <sys/types.h>
| #endif
| #ifdef HAVE_SYS_STAT_H
| # include <sys/stat.h>
| #endif
| #ifdef STDC_HEADERS
| # include <stdlib.h>
| # include <stddef.h>
| #else
| # ifdef HAVE_STDLIB_H
| #  include <stdlib.h>
| # endif
| #endif
| #ifdef HAVE_STRING_H
| # if !defined STDC_HEADERS && defined HAVE_MEMORY_H
| #  include <memory.h>
| # endif
| # include <string.h>
| #endif
| #ifdef HAVE_STRINGS_H
| # include <strings.h>
| #endif
| #ifdef HAVE_INTTYPES_H
| # include <inttypes.h>
| #endif
| #ifdef HAVE_STDINT_H
| # include <stdint.h>
| #endif
| #ifdef HAVE_UNISTD_H
| # include <unistd.h>
| #endif
| #include <sys/disklabel.h>
configure:4538: result: no
configure:4538: checking sys/disklabel.h presence
configure:4538: clang -E  conftest.c
conftest.c:57:10: fatal error: 'sys/disklabel.h' file not found
#include <sys/disklabel.h>
         ^
1 error generated.
configure:4538: $? = 1
configure: failed program was:
| /* confdefs.h */
| #define PACKAGE_NAME "istgt"
| #define PACKAGE_TARNAME "istgt"
| #define PACKAGE_VERSION "0.5"
| #define PACKAGE_STRING "istgt 0.5"
| #define PACKAGE_BUGREPORT ""
| #define PACKAGE_URL ""
| #define _GNU_SOURCE 1
| #define HAVE_LIBPTHREAD 1
| #define HAVE_LIBCRYPTO 1
| #define STDC_HEADERS 1
| #define HAVE_SYS_TYPES_H 1
| #define HAVE_SYS_STAT_H 1
| #define HAVE_STDLIB_H 1
| #define HAVE_STRING_H 1
| #define HAVE_MEMORY_H 1
| #define HAVE_STRINGS_H 1
| #define HAVE_INTTYPES_H 1
| #define HAVE_STDINT_H 1
| #define HAVE_UNISTD_H 1
| #define HAVE_ARPA_INET_H 1
| #define HAVE_FCNTL_H 1
| #define HAVE_INTTYPES_H 1
| #define HAVE_LIMITS_H 1
| #define HAVE_NETDB_H 1
| #define HAVE_NETINET_IN_H 1
| #define HAVE_STDDEF_H 1
| #define HAVE_STDINT_H 1
| #define HAVE_STDLIB_H 1
| #define HAVE_STRING_H 1
| #define HAVE_SYS_IOCTL_H 1
| #define HAVE_SYS_PARAM_H 1
| #define HAVE_SYS_SOCKET_H 1
| #define HAVE_SYS_TIME_H 1
| #define HAVE_SYSLOG_H 1
| #define HAVE_UNISTD_H 1
| #define HAVE_STRUCT_STAT_ST_BLOCKS 1
| #define HAVE_ST_BLOCKS 1
| #define LSTAT_FOLLOWS_SLASHED_SYMLINK 1
| #define HAVE_STDLIB_H 1
| #define HAVE_MALLOC 1
| #define HAVE_STDLIB_H 1
| #define HAVE_REALLOC 1
| #define HAVE_FTRUNCATE 1
| #define HAVE_MEMSET 1
| #define HAVE_REALPATH 1
| #define HAVE_SOCKET 1
| #define HAVE_STRCASECMP 1
| #define HAVE_STRCHR 1
| #define HAVE_STRNCASECMP 1
| #define HAVE_STRSPN 1
| #define HAVE_STRTOL 1
| #define HAVE_STRTOULL 1
| #define HAVE_AIO_H 1
| #define HAVE_SCHED_H 1
| /* end confdefs.h.  */
| #include <sys/disklabel.h>
configure:4538: result: no
configure:4538: checking for sys/disklabel.h
configure:4538: result: no
configure:4550: checking pthread.h usability
configure:4550: clang -c -g -O3  conftest.c >&5
configure:4550: $? = 0
configure:4550: result: yes
configure:4550: checking pthread.h presence
configure:4550: clang -E  conftest.c
configure:4550: $? = 0
configure:4550: result: yes
configure:4550: checking for pthread.h
configure:4550: result: yes
configure:4562: checking for pthread_np.h
configure:4562: clang -c -g -O3  conftest.c >&5
conftest.c:63:10: fatal error: 'pthread_np.h' file not found
#include <pthread_np.h>
         ^
1 error generated.
configure:4562: $? = 1
configure: failed program was:
| /* confdefs.h */
| #define PACKAGE_NAME "istgt"
| #define PACKAGE_TARNAME "istgt"
| #define PACKAGE_VERSION "0.5"
| #define PACKAGE_STRING "istgt 0.5"
| #define PACKAGE_BUGREPORT ""
| #define PACKAGE_URL ""
| #define _GNU_SOURCE 1
| #define HAVE_LIBPTHREAD 1
| #define HAVE_LIBCRYPTO 1
| #define STDC_HEADERS 1
| #define HAVE_SYS_TYPES_H 1
| #define HAVE_SYS_STAT_H 1
| #define HAVE_STDLIB_H 1
| #define HAVE_STRING_H 1
| #define HAVE_MEMORY_H 1
| #define HAVE_STRINGS_H 1
| #define HAVE_INTTYPES_H 1
| #define HAVE_STDINT_H 1
| #define HAVE_UNISTD_H 1
| #define HAVE_ARPA_INET_H 1
| #define HAVE_FCNTL_H 1
| #define HAVE_INTTYPES_H 1
| #define HAVE_LIMITS_H 1
| #define HAVE_NETDB_H 1
| #define HAVE_NETINET_IN_H 1
| #define HAVE_STDDEF_H 1
| #define HAVE_STDINT_H 1
| #define HAVE_STDLIB_H 1
| #define HAVE_STRING_H 1
| #define HAVE_SYS_IOCTL_H 1
| #define HAVE_SYS_PARAM_H 1
| #define HAVE_SYS_SOCKET_H 1
| #define HAVE_SYS_TIME_H 1
| #define HAVE_SYSLOG_H 1
| #define HAVE_UNISTD_H 1
| #define HAVE_STRUCT_STAT_ST_BLOCKS 1
| #define HAVE_ST_BLOCKS 1
| #define LSTAT_FOLLOWS_SLASHED_SYMLINK 1
| #define HAVE_STDLIB_H 1
| #define HAVE_MALLOC 1
| #define HAVE_STDLIB_H 1
| #define HAVE_REALLOC 1
| #define HAVE_FTRUNCATE 1
| #define HAVE_MEMSET 1
| #define HAVE_REALPATH 1
| #define HAVE_SOCKET 1
| #define HAVE_STRCASECMP 1
| #define HAVE_STRCHR 1
| #define HAVE_STRNCASECMP 1
| #define HAVE_STRSPN 1
| #define HAVE_STRTOL 1
| #define HAVE_STRTOULL 1
| #define HAVE_AIO_H 1
| #define HAVE_SCHED_H 1
| #define HAVE_PTHREAD_H 1
| /* end confdefs.h.  */
| #if HAVE_PTHREAD_H
| #include <pthread.h>
| #endif
| 
| 
| #include <pthread_np.h>
configure:4562: result: no
configure:4579: checking for strlcpy
configure:4579: clang -o conftest -g -O3   conftest.c -lcrypto -lpthread -lkqueue   >&5
/tmp/conftest-be4176.o: In function `main':
/home/payes/istgt/conftest.c:92: undefined reference to `strlcpy'
clang: error: linker command failed with exit code 1 (use -v to see invocation)
configure:4579: $? = 1
configure: failed program was:
| /* confdefs.h */
| #define PACKAGE_NAME "istgt"
| #define PACKAGE_TARNAME "istgt"
| #define PACKAGE_VERSION "0.5"
| #define PACKAGE_STRING "istgt 0.5"
| #define PACKAGE_BUGREPORT ""
| #define PACKAGE_URL ""
| #define _GNU_SOURCE 1
| #define HAVE_LIBPTHREAD 1
| #define HAVE_LIBCRYPTO 1
| #define STDC_HEADERS 1
| #define HAVE_SYS_TYPES_H 1
| #define HAVE_SYS_STAT_H 1
| #define HAVE_STDLIB_H 1
| #define HAVE_STRING_H 1
| #define HAVE_MEMORY_H 1
| #define HAVE_STRINGS_H 1
| #define HAVE_INTTYPES_H 1
| #define HAVE_STDINT_H 1
| #define HAVE_UNISTD_H 1
| #define HAVE_ARPA_INET_H 1
| #define HAVE_FCNTL_H 1
| #define HAVE_INTTYPES_H 1
| #define HAVE_LIMITS_H 1
| #define HAVE_NETDB_H 1
| #define HAVE_NETINET_IN_H 1
| #define HAVE_STDDEF_H 1
| #define HAVE_STDINT_H 1
| #define HAVE_STDLIB_H 1
| #define HAVE_STRING_H 1
| #define HAVE_SYS_IOCTL_H 1
| #define HAVE_SYS_PARAM_H 1
| #define HAVE_SYS_SOCKET_H 1
| #define HAVE_SYS_TIME_H 1
| #define HAVE_SYSLOG_H 1
| #define HAVE_UNISTD_H 1
| #define HAVE_STRUCT_STAT_ST_BLOCKS 1
| #define HAVE_ST_BLOCKS 1
| #define LSTAT_FOLLOWS_SLASHED_SYMLINK 1
| #define HAVE_STDLIB_H 1
| #define HAVE_MALLOC 1
| #define HAVE_STDLIB_H 1
| #define HAVE_REALLOC 1
| #define HAVE_FTRUNCATE 1
| #define HAVE_MEMSET 1
| #define HAVE_REALPATH 1
| #define HAVE_SOCKET 1
| #define HAVE_STRCASECMP 1
| #define HAVE_STRCHR 1
| #define HAVE_STRNCASECMP 1
| #define HAVE_STRSPN 1
| #define HAVE_STRTOL 1
| #define HAVE_STRTOULL 1
| #define HAVE_AIO_H 1
| #define HAVE_SCHED_H 1
| #define HAVE_PTHREAD_H 1
| /* end confdefs.h.  */
| /* Define strlcpy to an innocuous variant, in case <limits.h> declares strlcpy.
|    For example, HP-UX 11i <limits.h> declares gettimeofday.  */
| #define strlcpy innocuous_strlcpy
| 
| /* System header to define __stub macros and hopefully few prototypes,
|     which can conflict with char strlcpy (); below.
|     Prefer <limits.h> to <assert.h> if __STDC__ is defined, since
|     <limits.h> exists even on freestanding compilers.  */
| 
| #ifdef __STDC__
| # include <limits.h>
| #else
| # include <assert.h>
| #endif
| 
| #undef strlcpy
| 
| /* Override any GCC internal prototype to avoid an error.
|    Use char because int might match the return type of a GCC
|    builtin and then its argument prototype would still apply.  */
| #ifdef __cplusplus
| extern "C"
| #endif
| char strlcpy ();
| /* The GNU C library defines this for functions which it implements
|     to always fail with ENOSYS.  Some functions are actually named
|     something starting with __ and the normal name is an alias.  */
| #if defined __stub_strlcpy || defined __stub___strlcpy
| choke me
| #endif
| 
| int
| main ()
| {
| return strlcpy ();
|   ;
|   return 0;
| }
configure:4579: result: no
configure:4579: checking for arc4random
configure:4579: clang -o conftest -g -O3   conftest.c -lcrypto -lpthread -lkqueue   >&5
/tmp/conftest-e7aca1.o: In function `main':
/home/payes/istgt/conftest.c:92: undefined reference to `arc4random'
clang: error: linker command failed with exit code 1 (use -v to see invocation)
configure:4579: $? = 1
configure: failed program was:
| /* confdefs.h */
| #define PACKAGE_NAME "istgt"
| #define PACKAGE_TARNAME "istgt"
| #define PACKAGE_VERSION "0.5"
| #define PACKAGE_STRING "istgt 0.5"
| #define PACKAGE_BUGREPORT ""
| #define PACKAGE_URL ""
| #define _GNU_SOURCE 1
| #define HAVE_LIBPTHREAD 1
| #define HAVE_LIBCRYPTO 1
| #define STDC_HEADERS 1
| #define HAVE_SYS_TYPES_H 1
| #define HAVE_SYS_STAT_H 1
| #define HAVE_STDLIB_H 1
| #define HAVE_STRING_H 1
| #define HAVE_MEMORY_H 1
| #define HAVE_STRINGS_H 1
| #define HAVE_INTTYPES_H 1
| #define HAVE_STDINT_H 1
| #define HAVE_UNISTD_H 1
| #define HAVE_ARPA_INET_H 1
| #define HAVE_FCNTL_H 1
| #define HAVE_INTTYPES_H 1
| #define HAVE_LIMITS_H 1
| #define HAVE_NETDB_H 1
| #define HAVE_NETINET_IN_H 1
| #define HAVE_STDDEF_H 1
| #define HAVE_STDINT_H 1
| #define HAVE_STDLIB_H 1
| #define HAVE_STRING_H 1
| #define HAVE_SYS_IOCTL_H 1
| #define HAVE_SYS_PARAM_H 1
| #define HAVE_SYS_SOCKET_H 1
| #define HAVE_SYS_TIME_H 1
| #define HAVE_SYSLOG_H 1
| #define HAVE_UNISTD_H 1
| #define HAVE_STRUCT_STAT_ST_BLOCKS 1
| #define HAVE_ST_BLOCKS 1
| #define LSTAT_FOLLOWS_SLASHED_SYMLINK 1
| #define HAVE_STDLIB_H 1
| #define HAVE_MALLOC 1
| #define HAVE_STDLIB_H 1
| #define HAVE_REALLOC 1
| #define HAVE_FTRUNCATE 1
| #define HAVE_MEMSET 1
| #define HAVE_REALPATH 1
| #define HAVE_SOCKET 1
| #define HAVE_STRCASECMP 1
| #define HAVE_STRCHR 1
| #define HAVE_STRNCASECMP 1
| #define HAVE_STRSPN 1
| #define HAVE_STRTOL 1
| #define HAVE_STRTOULL 1
| #define HAVE_AIO_H 1
| #define HAVE_SCHED_H 1
| #define HAVE_PTHREAD_H 1
| /* end confdefs.h.  */
| /* Define arc4random to an innocuous variant, in case <limits.h> declares arc4random.
|    For example, HP-UX 11i <limits.h> declares gettimeofday.  */
| #define arc4random innocuous_arc4random
| 
| /* System header to define __stub macros and hopefully few prototypes,
|     which can conflict with char arc4random (); below.
|     Prefer <limits.h> to <assert.h> if __STDC__ is defined, since
|     <limits.h> exists even on freestanding compilers.  */
| 
| #ifdef __STDC__
| # include <limits.h>
| #else
| # include <assert.h>
| #endif
| 
| #undef arc4random
| 
| /* Override any GCC internal prototype to avoid an error.
|    Use char because int might match the return type of a GCC
|    builtin and then its argument prototype would still apply.  */
| #ifdef __cplusplus
| extern "C"
| #endif
| char arc4random ();
| /* The GNU C library defines this for functions which it implements
|     to always fail with ENOSYS.  Some functions are actually named
|     something starting with __ and the normal name is an alias.  */
| #if defined __stub_arc4random || defined __stub___arc4random
| choke me
| #endif
| 
| int
| main ()
| {
| return arc4random ();
|   ;
|   return 0;
| }
configure:4579: result: no
configure:4579: checking for srandomdev
configure:4579: clang -o conftest -g -O3   conftest.c -lcrypto -lpthread -lkqueue   >&5
/tmp/conftest-66865d.o: In function `main':
/home/payes/istgt/conftest.c:92: undefined reference to `srandomdev'
clang: error: linker command failed with exit code 1 (use -v to see invocation)
configure:4579: $? = 1
configure: failed program was:
| /* confdefs.h */
| #define PACKAGE_NAME "istgt"
| #define PACKAGE_TARNAME "istgt"
| #define PACKAGE_VERSION "0.5"
| #define PACKAGE_STRING "istgt 0.5"
| #define PACKAGE_BUGREPORT ""
| #define PACKAGE_URL ""
| #define _GNU_SOURCE 1
| #define HAVE_LIBPTHREAD 1
| #define HAVE_LIBCRYPTO 1
| #define STDC_HEADERS 1
| #define HAVE_SYS_TYPES_H 1
| #define HAVE_SYS_STAT_H 1
| #define HAVE_STDLIB_H 1
| #define HAVE_STRING_H 1
| #define HAVE_MEMORY_H 1
| #define HAVE_STRINGS_H 1
| #define HAVE_INTTYPES_H 1
| #define HAVE_STDINT_H 1
| #define HAVE_UNISTD_H 1
| #define HAVE_ARPA_INET_H 1
| #define HAVE_FCNTL_H 1
| #define HAVE_INTTYPES_H 1
| #define HAVE_LIMITS_H 1
| #define HAVE_NETDB_H 1
| #define HAVE_NETINET_IN_H 1
| #define HAVE_STDDEF_H 1
| #define HAVE_STDINT_H 1
| #define HAVE_STDLIB_H 1
| #define HAVE_STRING_H 1
| #define HAVE_SYS_IOCTL_H 1
| #define HAVE_SYS_PARAM_H 1
| #define HAVE_SYS_SOCKET_H 1
| #define HAVE_SYS_TIME_H 1
| #define HAVE_SYSLOG_H 1
| #define HAVE_UNISTD_H 1
| #define HAVE_STRUCT_STAT_ST_BLOCKS 1
| #define HAVE_ST_BLOCKS 1
| #define LSTAT_FOLLOWS_SLASHED_SYMLINK 1
| #define HAVE_STDLIB_H 1
| #define HAVE_MALLOC 1
| #define HAVE_STDLIB_H 1
| #define HAVE_REALLOC 1
| #define HAVE_FTRUNCATE 1
| #define HAVE_MEMSET 1
| #define HAVE_REALPATH 1
| #define HAVE_SOCKET 1
| #define HAVE_STRCASECMP 1
| #define HAVE_STRCHR 1
| #define HAVE_STRNCASECMP 1
| #define HAVE_STRSPN 1
| #define HAVE_STRTOL 1
| #define HAVE_STRTOULL 1
| #define HAVE_AIO_H 1
| #define HAVE_SCHED_H 1
| #define HAVE_PTHREAD_H 1
| /* end confdefs.h.  */
| /* Define srandomdev to an innocuous variant, in case <limits.h> declares srandomdev.
|    For example, HP-UX 11i <limits.h> declares gettimeofday.  */
| #define srandomdev innocuous_srandomdev
| 
| /* System header to define __stub macros and hopefully few prototypes,
|     which can conflict with char srandomdev (); below.
|     Prefer <limits.h> to <assert.h> if __STDC__ is defined, since
|     <limits.h> exists even on freestanding compilers.  */
| 
| #ifdef __STDC__
| # include <limits.h>
| #else
| # include <assert.h>
| #endif
| 
| #undef srandomdev
| 
| /* Override any GCC internal prototype to avoid an error.
|    Use char because int might match the return type of a GCC
|    builtin and then its argument prototype would still apply.  */
| #ifdef __cplusplus
| extern "C"
| #endif
| char srandomdev ();
| /* The GNU C library defines this for functions which it implements
|     to always fail with ENOSYS.  Some functions are actually named
|     something starting with __ and the normal name is an alias.  */
| #if defined __stub_srandomdev || defined __stub___srandomdev
| choke me
| #endif
| 
| int
| main ()
| {
| return srandomdev ();
|   ;
|   return 0;
| }
configure:4579: result: no
configure:4579: checking for pthread_yield
configure:4579: clang -o conftest -g -O3   conftest.c -lcrypto -lpthread -lkqueue   >&5
configure:4579: $? = 0
configure:4579: result: yes
configure:4579: checking for sched_yield
configure:4579: clang -o conftest -g -O3   conftest.c -lcrypto -lpthread -lkqueue   >&5
configure:4579: $? = 0
configure:4579: result: yes
configure:4591: checking for pthread_set_name_np
configure:4591: clang -o conftest -g -O3   conftest.c -lcrypto -lpthread -lkqueue   >&5
/tmp/conftest-b3b81b.o: In function `main':
/home/payes/istgt/conftest.c:94: undefined reference to `pthread_set_name_np'
clang: error: linker command failed with exit code 1 (use -v to see invocation)
configure:4591: $? = 1
configure: failed program was:
| /* confdefs.h */
| #define PACKAGE_NAME "istgt"
| #define PACKAGE_TARNAME "istgt"
| #define PACKAGE_VERSION "0.5"
| #define PACKAGE_STRING "istgt 0.5"
| #define PACKAGE_BUGREPORT ""
| #define PACKAGE_URL ""
| #define _GNU_SOURCE 1
| #define HAVE_LIBPTHREAD 1
| #define HAVE_LIBCRYPTO 1
| #define STDC_HEADERS 1
| #define HAVE_SYS_TYPES_H 1
| #define HAVE_SYS_STAT_H 1
| #define HAVE_STDLIB_H 1
| #define HAVE_STRING_H 1
| #define HAVE_MEMORY_H 1
| #define HAVE_STRINGS_H 1
| #define HAVE_INTTYPES_H 1
| #define HAVE_STDINT_H 1
| #define HAVE_UNISTD_H 1
| #define HAVE_ARPA_INET_H 1
| #define HAVE_FCNTL_H 1
| #define HAVE_INTTYPES_H 1
| #define HAVE_LIMITS_H 1
| #define HAVE_NETDB_H 1
| #define HAVE_NETINET_IN_H 1
| #define HAVE_STDDEF_H 1
| #define HAVE_STDINT_H 1
| #define HAVE_STDLIB_H 1
| #define HAVE_STRING_H 1
| #define HAVE_SYS_IOCTL_H 1
| #define HAVE_SYS_PARAM_H 1
| #define HAVE_SYS_SOCKET_H 1
| #define HAVE_SYS_TIME_H 1
| #define HAVE_SYSLOG_H 1
| #define HAVE_UNISTD_H 1
| #define HAVE_STRUCT_STAT_ST_BLOCKS 1
| #define HAVE_ST_BLOCKS 1
| #define LSTAT_FOLLOWS_SLASHED_SYMLINK 1
| #define HAVE_STDLIB_H 1
| #define HAVE_MALLOC 1
| #define HAVE_STDLIB_H 1
| #define HAVE_REALLOC 1
| #define HAVE_FTRUNCATE 1
| #define HAVE_MEMSET 1
| #define HAVE_REALPATH 1
| #define HAVE_SOCKET 1
| #define HAVE_STRCASECMP 1
| #define HAVE_STRCHR 1
| #define HAVE_STRNCASECMP 1
| #define HAVE_STRSPN 1
| #define HAVE_STRTOL 1
| #define HAVE_STRTOULL 1
| #define HAVE_AIO_H 1
| #define HAVE_SCHED_H 1
| #define HAVE_PTHREAD_H 1
| #define HAVE_PTHREAD_YIELD 1
| #define HAVE_SCHED_YIELD 1
| /* end confdefs.h.  */
| /* Define pthread_set_name_np to an innocuous variant, in case <limits.h> declares pthread_set_name_np.
|    For example, HP-UX 11i <limits.h> declares gettimeofday.  */
| #define pthread_set_name_np innocuous_pthread_set_name_np
| 
| /* System header to define __stub macros and hopefully few prototypes,
|     which can conflict with char pthread_set_name_np (); below.
|     Prefer <limits.h> to <assert.h> if __STDC__ is defined, since
|     <limits.h> exists even on freestanding compilers.  */
| 
| #ifdef __STDC__
| # include <limits.h>
| #else
| # include <assert.h>
| #endif
| 
| #undef pthread_set_name_np
| 
| /* Override any GCC internal prototype to avoid an error.
|    Use char because int might match the return type of a GCC
|    builtin and then its argument prototype would still apply.  */
| #ifdef __cplusplus
| extern "C"
| #endif
| char pthread_set_name_np ();
| /* The GNU C library defines this for functions which it implements
|     to always fail with ENOSYS.  Some functions are actually named
|     something starting with __ and the normal name is an alias.  */
| #if defined __stub_pthread_set_name_np || defined __stub___pthread_set_name_np
| choke me
| #endif
| 
| int
| main ()
| {
| return pthread_set_name_np ();
|   ;
|   return 0;
| }
configure:4591: result: no
configure:4591: checking for setproctitle
configure:4591: clang -o conftest -g -O3   conftest.c -lcrypto -lpthread -lkqueue   >&5
/tmp/conftest-494a7f.o: In function `main':
/home/payes/istgt/conftest.c:94: undefined reference to `setproctitle'
clang: error: linker command failed with exit code 1 (use -v to see invocation)
configure:4591: $? = 1
configure: failed program was:
| /* confdefs.h */
| #define PACKAGE_NAME "istgt"
| #define PACKAGE_TARNAME "istgt"
| #define PACKAGE_VERSION "0.5"
| #define PACKAGE_STRING "istgt 0.5"
| #define PACKAGE_BUGREPORT ""
| #define PACKAGE_URL ""
| #define _GNU_SOURCE 1
| #define HAVE_LIBPTHREAD 1
| #define HAVE_LIBCRYPTO 1
| #define STDC_HEADERS 1
| #define HAVE_SYS_TYPES_H 1
| #define HAVE_SYS_STAT_H 1
| #define HAVE_STDLIB_H 1
| #define HAVE_STRING_H 1
| #define HAVE_MEMORY_H 1
| #define HAVE_STRINGS_H 1
| #define HAVE_INTTYPES_H 1
| #define HAVE_STDINT_H 1
| #define HAVE_UNISTD_H 1
| #define HAVE_ARPA_INET_H 1
| #define HAVE_FCNTL_H 1
| #define HAVE_INTTYPES_H 1
| #define HAVE_LIMITS_H 1
| #define HAVE_NETDB_H 1
| #define HAVE_NETINET_IN_H 1
| #define HAVE_STDDEF_H 1
| #define HAVE_STDINT_H 1
| #define HAVE_STDLIB_H 1
| #define HAVE_STRING_H 1
| #define HAVE_SYS_IOCTL_H 1
| #define HAVE_SYS_PARAM_H 1
| #define HAVE_SYS_SOCKET_H 1
| #define HAVE_SYS_TIME_H 1
| #define HAVE_SYSLOG_H 1
| #define HAVE_UNISTD_H 1
| #define HAVE_STRUCT_STAT_ST_BLOCKS 1
| #define HAVE_ST_BLOCKS 1
| #define LSTAT_FOLLOWS_SLASHED_SYMLINK 1
| #define HAVE_STDLIB_H 1
| #define HAVE_MALLOC 1
| #define HAVE_STDLIB_H 1
| #define HAVE_REALLOC 1
| #define HAVE_FTRUNCATE 1
| #define HAVE_MEMSET 1
| #define HAVE_REALPATH 1
| #define HAVE_SOCKET 1
| #define HAVE_STRCASECMP 1
| #define HAVE_STRCHR 1
| #define HAVE_STRNCASECMP 1
| #define HAVE_STRSPN 1
| #define HAVE_STRTOL 1
| #define HAVE_STRTOULL 1
| #define HAVE_AIO_H 1
| #define HAVE_SCHED_H 1
| #define HAVE_PTHREAD_H 1
| #define HAVE_PTHREAD_YIELD 1
| #define HAVE_SCHED_YIELD 1
| /* end confdefs.h.  */
| /* Define setproctitle to an innocuous variant, in case <limits.h> declares setproctitle.
|    For example, HP-UX 11i <limits.h> declares gettimeofday.  */
| #define setproctitle innocuous_setproctitle
| 
| /* System header to define __stub macros and hopefully few prototypes,
|     which can conflict with char setproctitle (); below.
|     Prefer <limits.h> to <assert.h> if __STDC__ is defined, since
|     <limits.h> exists even on freestanding compilers.  */
| 
| #ifdef __STDC__
| # include <limits.h>
| #else
| # include <assert.h>
| #endif
| 
| #undef setproctitle
| 
| /* Override any GCC internal prototype to avoid an error.
|    Use char because int might match the return type of a GCC
|    builtin and then its argument prototype would still apply.  */
| #ifdef __cplusplus
| extern "C"
| #endif
| char setproctitle ();
| /* The GNU C library defines this for functions which it implements
|     to always fail with ENOSYS.  Some functions are actually named
|     something starting with __ and the normal name is an alias.  */
| #if defined __stub_setproctitle || defined __stub___setproctitle
| choke me
| #endif
| 
| int
| main ()
| {
| return setproctitle ();
|   ;
|   return 0;
| }
configure:4591: result: no
configure:4603: checking for mkdep
configure:4636: result: no
configure:4695: checking whether the C compiler accepts -Wall
configure:4709: clang -c -g -O3 -Wall  conftest.c >&5
configure:4709: $? = 0
configure:4710: result: yes
configure:4721: checking whether the C compiler accepts -Wextra
configure:4735: clang -c -g -O3 -Wall -Wextra  conftest.c >&5
configure:4735: $? = 0
configure:4736: result: yes
configure:4746: checking whether to use debug mode
configure:4755: result: no
configure:4761: checking whether to use symlink device
configure:4770: result: no
configure:4776: checking which syslog facility to use
configure:4797: result: "local7"
configure:4800: checking which syslog priority to use
configure:4821: result: "info"
configure:4841: checking VirtualBox Virtual Disk support
configure:4861: result: no
configure:4920: checking for PTHREAD_MUTEX_ADAPTIVE_NP
configure:4937: clang -c -g -O3 -Wall -Wextra  conftest.c >&5
configure:4937: $? = 0
configure:4938: result: yes
configure:4952: checking for sys/types.h
configure:4952: result: yes
configure:4964: checking for machine/atomic.h
configure:4964: clang -c -g -O3 -Wall -Wextra  conftest.c >&5
conftest.c:69:10: fatal error: 'machine/atomic.h' file not found
#include <machine/atomic.h>
         ^
1 error generated.
configure:4964: $? = 1
configure: failed program was:
| /* confdefs.h */
| #define PACKAGE_NAME "istgt"
| #define PACKAGE_TARNAME "istgt"
| #define PACKAGE_VERSION "0.5"
| #define PACKAGE_STRING "istgt 0.5"
| #define PACKAGE_BUGREPORT ""
| #define PACKAGE_URL ""
| #define _GNU_SOURCE 1
| #define HAVE_LIBPTHREAD 1
| #define HAVE_LIBCRYPTO 1
| #define STDC_HEADERS 1
| #define HAVE_SYS_TYPES_H 1
| #define HAVE_SYS_STAT_H 1
| #define HAVE_STDLIB_H 1
| #define HAVE_STRING_H 1
| #define HAVE_MEMORY_H 1
| #define HAVE_STRINGS_H 1
| #define HAVE_INTTYPES_H 1
| #define HAVE_STDINT_H 1
| #define HAVE_UNISTD_H 1
| #define HAVE_ARPA_INET_H 1
| #define HAVE_FCNTL_H 1
| #define HAVE_INTTYPES_H 1
| #define HAVE_LIMITS_H 1
| #define HAVE_NETDB_H 1
| #define HAVE_NETINET_IN_H 1
| #define HAVE_STDDEF_H 1
| #define HAVE_STDINT_H 1
| #define HAVE_STDLIB_H 1
| #define HAVE_STRING_H 1
| #define HAVE_SYS_IOCTL_H 1
| #define HAVE_SYS_PARAM_H 1
| #define HAVE_SYS_SOCKET_H 1
| #define HAVE_SYS_TIME_H 1
| #define HAVE_SYSLOG_H 1
| #define HAVE_UNISTD_H 1
| #define HAVE_STRUCT_STAT_ST_BLOCKS 1
| #define HAVE_ST_BLOCKS 1
| #define LSTAT_FOLLOWS_SLASHED_SYMLINK 1
| #define HAVE_STDLIB_H 1
| #define HAVE_MALLOC 1
| #define HAVE_STDLIB_H 1
| #define HAVE_REALLOC 1
| #define HAVE_FTRUNCATE 1
| #define HAVE_MEMSET 1
| #define HAVE_REALPATH 1
| #define HAVE_SOCKET 1
| #define HAVE_STRCASECMP 1
| #define HAVE_STRCHR 1
| #define HAVE_STRNCASECMP 1
| #define HAVE_STRSPN 1
| #define HAVE_STRTOL 1
| #define HAVE_STRTOULL 1
| #define HAVE_AIO_H 1
| #define HAVE_SCHED_H 1
| #define HAVE_PTHREAD_H 1
| #define HAVE_PTHREAD_YIELD 1
| #define HAVE_SCHED_YIELD 1
| #define DEFAULT_LOG_FACILITY "local7"
| #define DEFAULT_LOG_PRIORITY "info"
| #define HAVE_PTHREAD_MUTEX_ADAPTIVE_NP 1
| #define HAVE_SYS_TYPES_H 1
| /* end confdefs.h.  */
| #if HAVE_SYS_TYPES_H
| #include <sys/types.h>
| #endif
| 
| 
| #include <machine/atomic.h>
configure:4964: result: no
configure:4980: checking sys/atomic.h usability
configure:4980: clang -c -g -O3 -Wall -Wextra  conftest.c >&5
conftest.c:97:10: fatal error: 'sys/atomic.h' file not found
#include <sys/atomic.h>
         ^
1 error generated.
configure:4980: $? = 1
configure: failed program was:
| /* confdefs.h */
| #define PACKAGE_NAME "istgt"
| #define PACKAGE_TARNAME "istgt"
| #define PACKAGE_VERSION "0.5"
| #define PACKAGE_STRING "istgt 0.5"
| #define PACKAGE_BUGREPORT ""
| #define PACKAGE_URL ""
| #define _GNU_SOURCE 1
| #define HAVE_LIBPTHREAD 1
| #define HAVE_LIBCRYPTO 1
| #define STDC_HEADERS 1
| #define HAVE_SYS_TYPES_H 1
| #define HAVE_SYS_STAT_H 1
| #define HAVE_STDLIB_H 1
| #define HAVE_STRING_H 1
| #define HAVE_MEMORY_H 1
| #define HAVE_STRINGS_H 1
| #define HAVE_INTTYPES_H 1
| #define HAVE_STDINT_H 1
| #define HAVE_UNISTD_H 1
| #define HAVE_ARPA_INET_H 1
| #define HAVE_FCNTL_H 1
| #define HAVE_INTTYPES_H 1
| #define HAVE_LIMITS_H 1
| #define HAVE_NETDB_H 1
| #define HAVE_NETINET_IN_H 1
| #define HAVE_STDDEF_H 1
| #define HAVE_STDINT_H 1
| #define HAVE_STDLIB_H 1
| #define HAVE_STRING_H 1
| #define HAVE_SYS_IOCTL_H 1
| #define HAVE_SYS_PARAM_H 1
| #define HAVE_SYS_SOCKET_H 1
| #define HAVE_SYS_TIME_H 1
| #define HAVE_SYSLOG_H 1
| #define HAVE_UNISTD_H 1
| #define HAVE_STRUCT_STAT_ST_BLOCKS 1
| #define HAVE_ST_BLOCKS 1
| #define LSTAT_FOLLOWS_SLASHED_SYMLINK 1
| #define HAVE_STDLIB_H 1
| #define HAVE_MALLOC 1
| #define HAVE_STDLIB_H 1
| #define HAVE_REALLOC 1
| #define HAVE_FTRUNCATE 1
| #define HAVE_MEMSET 1
| #define HAVE_REALPATH 1
| #define HAVE_SOCKET 1
| #define HAVE_STRCASECMP 1
| #define HAVE_STRCHR 1
| #define HAVE_STRNCASECMP 1
| #define HAVE_STRSPN 1
| #define HAVE_STRTOL 1
| #define HAVE_STRTOULL 1
| #define HAVE_AIO_H 1
| #define HAVE_SCHED_H 1
| #define HAVE_PTHREAD_H 1
| #define HAVE_PTHREAD_YIELD 1
| #define HAVE_SCHED_YIELD 1
| #define DEFAULT_LOG_FACILITY "local7"
| #define DEFAULT_LOG_PRIORITY "info"
| #define HAVE_PTHREAD_MUTEX_ADAPTIVE_NP 1
| #define HAVE_SYS_TYPES_H 1
| /* end confdefs.h.  */
| #include <stdio.h>
| #ifdef HAVE_SYS_TYPES_H
| # include <sys/types.h>
| #endif
| #ifdef HAVE_SYS_STAT_H
| # include <sys/stat.h>
| #endif
| #ifdef STDC_HEADERS
| # include <stdlib.h>
| # include <stddef.h>
| #else
| # ifdef HAVE_STDLIB_H
| #  include <stdlib.h>
| # endif
| #endif
| #ifdef HAVE_STRING_H
| # if !defined STDC_HEADERS && defined HAVE_MEMORY_H
| #  include <memory.h>
| # endif
| # include <string.h>
| #endif
| #ifdef HAVE_STRINGS_H
| # include <strings.h>
| #endif
| #ifdef HAVE_INTTYPES_H
| # include <inttypes.h>
| #endif
| #ifdef HAVE_STDINT_H
| # include <stdint.h>
| #endif
| #ifdef HAVE_UNISTD_H
| # include <unistd.h>
| #endif
| #include <sys/atomic.h>
configure:4980: result: no
configure:4980: checking sys/atomic.h presence
configure:4980: clang -E  conftest.c
conftest.c:64:10: fatal error: 'sys/atomic.h' file not found
#include <sys/atomic.h>
         ^
1 error generated.
configure:4980: $? = 1
configure: failed program was:
| /* confdefs.h */
| #define PACKAGE_NAME "istgt"
| #define PACKAGE_TARNAME "istgt"
| #define PACKAGE_VERSION "0.5"
| #define PACKAGE_STRING "istgt 0.5"
| #define PACKAGE_BUGREPORT ""
| #define PACKAGE_URL ""
| #define _GNU_SOURCE 1
| #define HAVE_LIBPTHREAD 1
| #define HAVE_LIBCRYPTO 1
| #define STDC_HEADERS 1
| #define HAVE_SYS_TYPES_H 1
| #define HAVE_SYS_STAT_H 1
| #define HAVE_STDLIB_H 1
| #define HAVE_STRING_H 1
| #define HAVE_MEMORY_H 1
| #define HAVE_STRINGS_H 1
| #define HAVE_INTTYPES_H 1
| #define HAVE_STDINT_H 1
| #define HAVE_UNISTD_H 1
| #define HAVE_ARPA_INET_H 1
| #define HAVE_FCNTL_H 1
| #define HAVE_INTTYPES_H 1
| #define HAVE_LIMITS_H 1
| #define HAVE_NETDB_H 1
| #define HAVE_NETINET_IN_H 1
| #define HAVE_STDDEF_H 1
| #define HAVE_STDINT_H 1
| #define HAVE_STDLIB_H 1
| #define HAVE_STRING_H 1
| #define HAVE_SYS_IOCTL_H 1
| #define HAVE_SYS_PARAM_H 1
| #define HAVE_SYS_SOCKET_H 1
| #define HAVE_SYS_TIME_H 1
| #define HAVE_SYSLOG_H 1
| #define HAVE_UNISTD_H 1
| #define HAVE_STRUCT_STAT_ST_BLOCKS 1
| #define HAVE_ST_BLOCKS 1
| #define LSTAT_FOLLOWS_SLASHED_SYMLINK 1
| #define HAVE_STDLIB_H 1
| #define HAVE_MALLOC 1
| #define HAVE_STDLIB_H 1
| #define HAVE_REALLOC 1
| #define HAVE_FTRUNCATE 1
| #define HAVE_MEMSET 1
| #define HAVE_REALPATH 1
| #define HAVE_SOCKET 1
| #define HAVE_STRCASECMP 1
| #define HAVE_STRCHR 1
| #define HAVE_STRNCASECMP 1
| #define HAVE_STRSPN 1
| #define HAVE_STRTOL 1
| #define HAVE_STRTOULL 1
| #define HAVE_AIO_H 1
| #define HAVE_SCHED_H 1
| #define HAVE_PTHREAD_H 1
| #define HAVE_PTHREAD_YIELD 1
| #define HAVE_SCHED_YIELD 1
| #define DEFAULT_LOG_FACILITY "local7"
| #define DEFAULT_LOG_PRIORITY "info"
| #define HAVE_PTHREAD_MUTEX_ADAPTIVE_NP 1
| #define HAVE_SYS_TYPES_H 1
| /* end confdefs.h.  */
| #include <sys/atomic.h>
configure:4980: result: no
configure:4980: checking for sys/atomic.h
configure:4980: result: no
configure:5000: checking for atomic operations
configure:5022: clang -o conftest -g -O3 -Wall -Wextra   conftest.c -lcrypto -lpthread -lkqueue   >&5
conftest.c:68:10: fatal error: 'machine/atomic.h' file not found
#include <machine/atomic.h>
         ^
1 error generated.
configure:5022: $? = 1
configure: failed program was:
| /* confdefs.h */
| #define PACKAGE_NAME "istgt"
| #define PACKAGE_TARNAME "istgt"
| #define PACKAGE_VERSION "0.5"
| #define PACKAGE_STRING "istgt 0.5"
| #define PACKAGE_BUGREPORT ""
| #define PACKAGE_URL ""
| #define _GNU_SOURCE 1
| #define HAVE_LIBPTHREAD 1
| #define HAVE_LIBCRYPTO 1
| #define STDC_HEADERS 1
| #define HAVE_SYS_TYPES_H 1
| #define HAVE_SYS_STAT_H 1
| #define HAVE_STDLIB_H 1
| #define HAVE_STRING_H 1
| #define HAVE_MEMORY_H 1
| #define HAVE_STRINGS_H 1
| #define HAVE_INTTYPES_H 1
| #define HAVE_STDINT_H 1
| #define HAVE_UNISTD_H 1
| #define HAVE_ARPA_INET_H 1
| #define HAVE_FCNTL_H 1
| #define HAVE_INTTYPES_H 1
| #define HAVE_LIMITS_H 1
| #define HAVE_NETDB_H 1
| #define HAVE_NETINET_IN_H 1
| #define HAVE_STDDEF_H 1
| #define HAVE_STDINT_H 1
| #define HAVE_STDLIB_H 1
| #define HAVE_STRING_H 1
| #define HAVE_SYS_IOCTL_H 1
| #define HAVE_SYS_PARAM_H 1
| #define HAVE_SYS_SOCKET_H 1
| #define HAVE_SYS_TIME_H 1
| #define HAVE_SYSLOG_H 1
| #define HAVE_UNISTD_H 1
| #define HAVE_STRUCT_STAT_ST_BLOCKS 1
| #define HAVE_ST_BLOCKS 1
| #define LSTAT_FOLLOWS_SLASHED_SYMLINK 1
| #define HAVE_STDLIB_H 1
| #define HAVE_MALLOC 1
| #define HAVE_STDLIB_H 1
| #define HAVE_REALLOC 1
| #define HAVE_FTRUNCATE 1
| #define HAVE_MEMSET 1
| #define HAVE_REALPATH 1
| #define HAVE_SOCKET 1
| #define HAVE_STRCASECMP 1
| #define HAVE_STRCHR 1
| #define HAVE_STRNCASECMP 1
| #define HAVE_STRSPN 1
| #define HAVE_STRTOL 1
| #define HAVE_STRTOULL 1
| #define HAVE_AIO_H 1
| #define HAVE_SCHED_H 1
| #define HAVE_PTHREAD_H 1
| #define HAVE_PTHREAD_YIELD 1
| #define HAVE_SCHED_YIELD 1
| #define DEFAULT_LOG_FACILITY "local7"
| #define DEFAULT_LOG_PRIORITY "info"
| #define HAVE_PTHREAD_MUTEX_ADAPTIVE_NP 1
| #define HAVE_SYS_TYPES_H 1
| /* end confdefs.h.  */
| 
| #if HAVE_SYS_TYPES_H
| #include <sys/types.h>
| #endif
| #include <machine/atomic.h>
| 
| int
| main ()
| {
| 
| 	int x, y;
| 	atomic_store_rel_int(&x, 1);
| 	y = atomic_load_acq_int(&x);
| 
|   ;
|   return 0;
| }
configure:5058: clang -o conftest -g -O3 -Wall -Wextra   conftest.c -lcrypto -lpthread -lkqueue   >&5
conftest.c:68:10: fatal error: 'sys/atomic.h' file not found
#include <sys/atomic.h>
         ^
1 error generated.
configure:5058: $? = 1
configure: failed program was:
| /* confdefs.h */
| #define PACKAGE_NAME "istgt"
| #define PACKAGE_TARNAME "istgt"
| #define PACKAGE_VERSION "0.5"
| #define PACKAGE_STRING "istgt 0.5"
| #define PACKAGE_BUGREPORT ""
| #define PACKAGE_URL ""
| #define _GNU_SOURCE 1
| #define HAVE_LIBPTHREAD 1
| #define HAVE_LIBCRYPTO 1
| #define STDC_HEADERS 1
| #define HAVE_SYS_TYPES_H 1
| #define HAVE_SYS_STAT_H 1
| #define HAVE_STDLIB_H 1
| #define HAVE_STRING_H 1
| #define HAVE_MEMORY_H 1
| #define HAVE_STRINGS_H 1
| #define HAVE_INTTYPES_H 1
| #define HAVE_STDINT_H 1
| #define HAVE_UNISTD_H 1
| #define HAVE_ARPA_INET_H 1
| #define HAVE_FCNTL_H 1
| #define HAVE_INTTYPES_H 1
| #define HAVE_LIMITS_H 1
| #define HAVE_NETDB_H 1
| #define HAVE_NETINET_IN_H 1
| #define HAVE_STDDEF_H 1
| #define HAVE_STDINT_H 1
| #define HAVE_STDLIB_H 1
| #define HAVE_STRING_H 1
| #define HAVE_SYS_IOCTL_H 1
| #define HAVE_SYS_PARAM_H 1
| #define HAVE_SYS_SOCKET_H 1
| #define HAVE_SYS_TIME_H 1
| #define HAVE_SYSLOG_H 1
| #define HAVE_UNISTD_H 1
| #define HAVE_STRUCT_STAT_ST_BLOCKS 1
| #define HAVE_ST_BLOCKS 1
| #define LSTAT_FOLLOWS_SLASHED_SYMLINK 1
| #define HAVE_STDLIB_H 1
| #define HAVE_MALLOC 1
| #define HAVE_STDLIB_H 1
| #define HAVE_REALLOC 1
| #define HAVE_FTRUNCATE 1
| #define HAVE_MEMSET 1
| #define HAVE_REALPATH 1
| #define HAVE_SOCKET 1
| #define HAVE_STRCASECMP 1
| #define HAVE_STRCHR 1
| #define HAVE_STRNCASECMP 1
| #define HAVE_STRSPN 1
| #define HAVE_STRTOL 1
| #define HAVE_STRTOULL 1
| #define HAVE_AIO_H 1
| #define HAVE_SCHED_H 1
| #define HAVE_PTHREAD_H 1
| #define HAVE_PTHREAD_YIELD 1
| #define HAVE_SCHED_YIELD 1
| #define DEFAULT_LOG_FACILITY "local7"
| #define DEFAULT_LOG_PRIORITY "info"
| #define HAVE_PTHREAD_MUTEX_ADAPTIVE_NP 1
| #define HAVE_SYS_TYPES_H 1
| /* end confdefs.h.  */
| 
| #if HAVE_SYS_TYPES_H
| #include <sys/types.h>
| #endif
| #include <sys/atomic.h>
| 
| int
| main ()
| {
| 
| 	unsigned int x, y;
| 	atomic_swap_uint(&x, 1);
| 	y = atomic_or_uint_nv(&x, 0);
| 
|   ;
|   return 0;
| }
configure:5092: clang -o conftest -g -O3 -Wall -Wextra   conftest.c -lcrypto -lpthread -lkqueue   >&5
conftest.c:68:10: fatal error: 'sys/atomic.h' file not found
#include <sys/atomic.h>
         ^
1 error generated.
configure:5092: $? = 1
configure: failed program was:
| /* confdefs.h */
| #define PACKAGE_NAME "istgt"
| #define PACKAGE_TARNAME "istgt"
| #define PACKAGE_VERSION "0.5"
| #define PACKAGE_STRING "istgt 0.5"
| #define PACKAGE_BUGREPORT ""
| #define PACKAGE_URL ""
| #define _GNU_SOURCE 1
| #define HAVE_LIBPTHREAD 1
| #define HAVE_LIBCRYPTO 1
| #define STDC_HEADERS 1
| #define HAVE_SYS_TYPES_H 1
| #define HAVE_SYS_STAT_H 1
| #define HAVE_STDLIB_H 1
| #define HAVE_STRING_H 1
| #define HAVE_MEMORY_H 1
| #define HAVE_STRINGS_H 1
| #define HAVE_INTTYPES_H 1
| #define HAVE_STDINT_H 1
| #define HAVE_UNISTD_H 1
| #define HAVE_ARPA_INET_H 1
| #define HAVE_FCNTL_H 1
| #define HAVE_INTTYPES_H 1
| #define HAVE_LIMITS_H 1
| #define HAVE_NETDB_H 1
| #define HAVE_NETINET_IN_H 1
| #define HAVE_STDDEF_H 1
| #define HAVE_STDINT_H 1
| #define HAVE_STDLIB_H 1
| #define HAVE_STRING_H 1
| #define HAVE_SYS_IOCTL_H 1
| #define HAVE_SYS_PARAM_H 1
| #define HAVE_SYS_SOCKET_H 1
| #define HAVE_SYS_TIME_H 1
| #define HAVE_SYSLOG_H 1
| #define HAVE_UNISTD_H 1
| #define HAVE_STRUCT_STAT_ST_BLOCKS 1
| #define HAVE_ST_BLOCKS 1
| #define LSTAT_FOLLOWS_SLASHED_SYMLINK 1
| #define HAVE_STDLIB_H 1
| #define HAVE_MALLOC 1
| #define HAVE_STDLIB_H 1
| #define HAVE_REALLOC 1
| #define HAVE_FTRUNCATE 1
| #define HAVE_MEMSET 1
| #define HAVE_REALPATH 1
| #define HAVE_SOCKET 1
| #define HAVE_STRCASECMP 1
| #define HAVE_STRCHR 1
| #define HAVE_STRNCASECMP 1
| #define HAVE_STRSPN 1
| #define HAVE_STRTOL 1
| #define HAVE_STRTOULL 1
| #define HAVE_AIO_H 1
| #define HAVE_SCHED_H 1
| #define HAVE_PTHREAD_H 1
| #define HAVE_PTHREAD_YIELD 1
| #define HAVE_SCHED_YIELD 1
| #define DEFAULT_LOG_FACILITY "local7"
| #define DEFAULT_LOG_PRIORITY "info"
| #define HAVE_PTHREAD_MUTEX_ADAPTIVE_NP 1
| #define HAVE_SYS_TYPES_H 1
| /* end confdefs.h.  */
| 
| #if HAVE_SYS_TYPES_H
| #include <sys/types.h>
| #endif
| #include <sys/atomic.h>
| 
| int
| main ()
| {
| 
| 	membar_producer();
| 
|   ;
|   return 0;
| }
configure:5100: result: no
configure:5108: checking for gcc builtin atomic operations
configure:5129: clang -o conftest -g -O3 -Wall -Wextra   conftest.c -lcrypto -lpthread -lkqueue   >&5
configure:5129: $? = 0
configure:5161: clang -o conftest -g -O3 -Wall -Wextra   conftest.c -lcrypto -lpthread -lkqueue   >&5
configure:5161: $? = 0
configure:5169: result: yes
configure:5290: creating ./config.status

## ---------------------- ##
## Running config.status. ##
## ---------------------- ##

This file was extended by istgt config.status 0.5, which was
generated by GNU Autoconf 2.69.  Invocation command line was

  CONFIG_FILES    = 
  CONFIG_HEADERS  = 
  CONFIG_LINKS    = 
  CONFIG_COMMANDS = 
  $ ./config.status 

on dev

config.status:874: creating Makefile
config.status:874: creating src/Makefile
config.status:874: creating etc/Makefile
config.status:874: creating doc/Makefile
config.status:874: creating src/build.h
config.status:874: creating src/config.h
config.status:1055: src/config.h is unchanged

## ---------------- ##
## Cache variables. ##
## ---------------- ##

ac_cv_build=x86_64-unknown-linux-gnu
ac_cv_c_compiler_gnu=yes
ac_cv_c_inline=inline
ac_cv_c_int32_t=yes
ac_cv_c_int64_t=yes
ac_cv_c_uint16_t=yes
ac_cv_c_uint32_t=yes
ac_cv_c_uint64_t=yes
ac_cv_c_uint8_t=yes
ac_cv_env_CC_set=
ac_cv_env_CC_value=
ac_cv_env_CFLAGS_set=
ac_cv_env_CFLAGS_value=
ac_cv_env_CPPFLAGS_set=
ac_cv_env_CPPFLAGS_value=
ac_cv_env_CPP_set=
ac_cv_env_CPP_value=
ac_cv_env_LDFLAGS_set=
ac_cv_env_LDFLAGS_value=
ac_cv_env_LIBS_set=
ac_cv_env_LIBS_value=
ac_cv_env_SUBPROGRAM_set=
ac_cv_env_SUBPROGRAM_value=
ac_cv_env_build_alias_set=
ac_cv_env_build_alias_value=
ac_cv_env_host_alias_set=
ac_cv_env_host_alias_value=
ac_cv_env_target_alias_set=
ac_cv_env_target_alias_value=
ac_cv_func_arc4random=no
ac_cv_func_ftruncate=yes
ac_cv_func_lstat_dereferences_slashed_symlink=yes
ac_cv_func_malloc_0_nonnull=yes
ac_cv_func_memset=yes
ac_cv_func_pthread_set_name_np=no
ac_cv_func_pthread_yield=yes
ac_cv_func_realloc_0_nonnull=yes
ac_cv_func_realpath=yes
ac_cv_func_sched_yield=yes
ac_cv_func_setproctitle=no
ac_cv_func_socket=yes
ac_cv_func_srandomdev=no
ac_cv_func_strcasecmp=yes
ac_cv_func_strchr=yes
ac_cv_func_strlcpy=no
ac_cv_func_strncasecmp=yes
ac_cv_func_strspn=yes
ac_cv_func_strtol=yes
ac_cv_func_strtoull=yes
ac_cv_header_aio_h=yes
ac_cv_header_arpa_inet_h=yes
ac_cv_header_fcntl_h=yes
ac_cv_header_inttypes_h=yes
ac_cv_header_limits_h=yes
ac_cv_header_machine_atomic_h=no
ac_cv_header_memory_h=yes
ac_cv_header_netdb_h=yes
ac_cv_header_netinet_in_h=yes
ac_cv_header_pthread_h=yes
ac_cv_header_pthread_np_h=no
ac_cv_header_sched_h=yes
ac_cv_header_stdc=yes
ac_cv_header_stddef_h=yes
ac_cv_header_stdint_h=yes
ac_cv_header_stdlib_h=yes
ac_cv_header_string_h=yes
ac_cv_header_strings_h=yes
ac_cv_header_sys_atomic_h=no
ac_cv_header_sys_disk_h=no
ac_cv_header_sys_disklabel_h=no
ac_cv_header_sys_ioctl_h=yes
ac_cv_header_sys_param_h=yes
ac_cv_header_sys_socket_h=yes
ac_cv_header_sys_stat_h=yes
ac_cv_header_sys_time_h=yes
ac_cv_header_sys_types_h=yes
ac_cv_header_syslog_h=yes
ac_cv_header_unistd_h=yes
ac_cv_header_uuid_h=no
ac_cv_host=x86_64-unknown-linux-gnu
ac_cv_lib_crypto_MD5_Update=yes
ac_cv_lib_pthread_pthread_create=yes
ac_cv_member_struct_stat_st_blocks=yes
ac_cv_objext=o
ac_cv_path_EGREP='/bin/grep -E'
ac_cv_path_GREP=/bin/grep
ac_cv_path_SED=/bin/sed
ac_cv_path_install='/usr/bin/install -c'
ac_cv_path_mkdir=/bin/mkdir
ac_cv_prog_CPP='clang -E'
ac_cv_prog_ac_ct_CC=clang
ac_cv_prog_ac_ct_RANLIB=ranlib
ac_cv_prog_cc_c89=
ac_cv_prog_cc_g=yes
ac_cv_sys_file_offset_bits=no
ac_cv_sys_largefile_CC=no
ac_cv_type_off_t=yes
ac_cv_type_pid_t=yes
ac_cv_type_size_t=yes
ac_cv_type_ssize_t=yes

## ----------------- ##
## Output variables. ##
## ----------------- ##

ALLOW_SYMLINK_DEVICE=''
CC='clang'
CFLAGS='-g -O3 -Wall -Wextra'
CPP='clang -E'
CPPFLAGS=''
DEBUG=''
DEFS='-DHAVE_CONFIG_H'
ECHO_C=''
ECHO_N='-n'
ECHO_T=''
EGREP='/bin/grep -E'
EXEEXT=''
GREP='/bin/grep'
INSTALL_DATA='${INSTALL} -m 644'
INSTALL_PROGRAM='${INSTALL}'
INSTALL_SCRIPT='${INSTALL}'
LDFLAGS=''
LIBOBJS=''
LIBS='-lcrypto -lpthread -lkqueue  '
LTLIBOBJS=''
MKDEP=''
MKDIR_P='/bin/mkdir -p'
OBJEXT='o'
PACKAGE_BUGREPORT=''
PACKAGE_NAME='istgt'
PACKAGE_STRING='istgt 0.5'
PACKAGE_TARNAME='istgt'
PACKAGE_URL=''
PACKAGE_VERSION='0.5'
PATH_SEPARATOR=':'
RANLIB='ranlib'
SED='/bin/sed'
SHELL='/bin/bash'
SUBPROGRAM=''
ac_ct_CC='clang'
bindir='${exec_prefix}/bin'
build='x86_64-unknown-linux-gnu'
build_alias=''
build_cpu='x86_64'
build_os='linux-gnu'
build_vendor='unknown'
configdir='/usr/local/etc/istgt'
datadir='${datarootdir}'
datarootdir='${prefix}/share'
docdir='${datarootdir}/doc/${PACKAGE_TARNAME}'
dvidir='${docdir}'
exec_prefix='${prefix}'
host='x86_64-unknown-linux-gnu'
host_alias=''
host_cpu='x86_64'
host_os='linux-gnu'
host_vendor='unknown'
htmldir='${docdir}'
includedir='${prefix}/include'
infodir='${datarootdir}/info'
libdir='${exec_prefix}/lib'
libexecdir='${exec_prefix}/libexec'
localedir='${datarootdir}/locale'
localstatedir='${prefix}/var'
mandir='${datarootdir}/man'
mediadir='/var/istgt'
oldincludedir='/usr/include'
pdfdir='${docdir}'
prefix='/usr/local'
program_transform_name='s,x,x,'
psdir='${docdir}'
rcdir='/etc/init.d'
rctemplate='istgt_linux.sh.in'
sbindir='${exec_prefix}/sbin'
sharedstatedir='${prefix}/com'
sysconfdir='${prefix}/etc'
target_alias=''

## ----------- ##
## confdefs.h. ##
## ----------- ##

/* confdefs.h */
#define PACKAGE_NAME "istgt"
#define PACKAGE_TARNAME "istgt"
#define PACKAGE_VERSION "0.5"
#define PACKAGE_STRING "istgt 0.5"
#define PACKAGE_BUGREPORT ""
#define PACKAGE_URL ""
#define _GNU_SOURCE 1
#define HAVE_LIBPTHREAD 1
#define HAVE_LIBCRYPTO 1
#define STDC_HEADERS 1
#define HAVE_SYS_TYPES_H 1
#define HAVE_SYS_STAT_H 1
#define HAVE_STDLIB_H 1
#define HAVE_STRING_H 1
#define HAVE_MEMORY_H 1
#define HAVE_STRINGS_H 1
#define HAVE_INTTYPES_H 1
#define HAVE_STDINT_H 1
#define HAVE_UNISTD_H 1
#define HAVE_ARPA_INET_H 1
#define HAVE_FCNTL_H 1
#define HAVE_INTTYPES_H 1
#define HAVE_LIMITS_H 1
#define HAVE_NETDB_H 1
#define HAVE_NETINET_IN_H 1
#define HAVE_STDDEF_H 1
#define HAVE_STDINT_H 1
#define HAVE_STDLIB_H 1
#define HAVE_STRING_H 1
#define HAVE_SYS_IOCTL_H 1
#define HAVE_SYS_PARAM_H 1
#define HAVE_SYS_SOCKET_H 1
#define HAVE_SYS_TIME_H 1
#define HAVE_SYSLOG_H 1
#define HAVE_UNISTD_H 1
#define HAVE_STRUCT_STAT_ST_BLOCKS 1
#define HAVE_ST_BLOCKS 1
#define LSTAT_FOLLOWS_SLASHED_SYMLINK 1
#define HAVE_STDLIB_H 1
#define HAVE_MALLOC 1
#define HAVE_STDLIB_H 1
#define HAVE_REALLOC 1
#define HAVE_FTRUNCATE 1
#define HAVE_MEMSET 1
#define HAVE_REALPATH 1
#define HAVE_SOCKET 1
#define HAVE_STRCASECMP 1
#define HAVE_STRCHR 1
#define HAVE_STRNCASECMP 1
#define HAVE_STRSPN 1
#define HAVE_STRTOL 1
#define HAVE_STRTOULL 1
#define HAVE_AIO_H 1
#define HAVE_SCHED_H 1
#define HAVE_PTHREAD_H 1
#define HAVE_PTHREAD_YIELD 1
#define HAVE_SCHED_YIELD 1
#define DEFAULT_LOG_FACILITY "local7"
#define DEFAULT_LOG_PRIORITY "info"
#define HAVE_PTHREAD_MUTEX_ADAPTIVE_NP 1
#define HAVE_SYS_TYPES_H 1
#define USE_GCC_ATOMIC 1
#define HAVE_GCC_ATOMIC_FETCH_AND_ADD_UINT 1
#define HAVE_GCC_ATOMIC_VAL_COMPARE_AND_SWAP_UINT 1
#define HAVE_GCC_ATOMIC_SYNCHRONIZE 1

configure: exit 0
